{"/home/henry/Documents/Projects/kloudopp-assessment/src/app.js": {"path":"/home/henry/Documents/Projects/kloudopp-assessment/src/app.js","statementMap":{"0":{"start":{"line":1,"column":16},"end":{"line":1,"column":34}},"1":{"start":{"line":2,"column":13},"end":{"line":2,"column":28}},"2":{"start":{"line":3,"column":15},"end":{"line":3,"column":32}},"3":{"start":{"line":4,"column":21},"end":{"line":4,"column":45}},"4":{"start":{"line":5,"column":16},"end":{"line":5,"column":42}},"5":{"start":{"line":6,"column":17},"end":{"line":6,"column":36}},"6":{"start":{"line":7,"column":12},"end":{"line":7,"column":35}},"7":{"start":{"line":9,"column":19},"end":{"line":9,"column":49}},"8":{"start":{"line":10,"column":19},"end":{"line":10,"column":49}},"9":{"start":{"line":12,"column":12},"end":{"line":12,"column":21}},"10":{"start":{"line":13,"column":0},"end":{"line":13,"column":18}},"11":{"start":{"line":14,"column":0},"end":{"line":17,"column":4}},"12":{"start":{"line":18,"column":0},"end":{"line":18,"column":24}},"13":{"start":{"line":19,"column":0},"end":{"line":19,"column":24}},"14":{"start":{"line":20,"column":0},"end":{"line":20,"column":48}},"15":{"start":{"line":22,"column":0},"end":{"line":37,"column":1}},"16":{"start":{"line":23,"column":2},"end":{"line":32,"column":6}},"17":{"start":{"line":33,"column":2},"end":{"line":33,"column":33}},"18":{"start":{"line":34,"column":2},"end":{"line":34,"column":30}},"19":{"start":{"line":36,"column":2},"end":{"line":36,"column":33}},"20":{"start":{"line":39,"column":0},"end":{"line":39,"column":33}},"21":{"start":{"line":40,"column":0},"end":{"line":40,"column":34}},"22":{"start":{"line":42,"column":0},"end":{"line":45,"column":3}},"23":{"start":{"line":43,"column":2},"end":{"line":43,"column":27}},"24":{"start":{"line":44,"column":2},"end":{"line":44,"column":75}},"25":{"start":{"line":47,"column":0},"end":{"line":47,"column":21}}},"fnMap":{"0":{"name":"(anonymous_0)","decl":{"start":{"line":42,"column":8},"end":{"line":42,"column":9}},"loc":{"start":{"line":42,"column":33},"end":{"line":45,"column":1}},"line":42}},"branchMap":{"0":{"loc":{"start":{"line":15,"column":10},"end":{"line":15,"column":31}},"type":"binary-expr","locations":[{"start":{"line":15,"column":10},"end":{"line":15,"column":24}},{"start":{"line":15,"column":28},"end":{"line":15,"column":31}}],"line":15},"1":{"loc":{"start":{"line":22,"column":0},"end":{"line":37,"column":1}},"type":"if","locations":[{"start":{"line":22,"column":0},"end":{"line":37,"column":1}},{"start":{"line":35,"column":7},"end":{"line":37,"column":1}}],"line":22},"2":{"loc":{"start":{"line":24,"column":12},"end":{"line":24,"column":50}},"type":"binary-expr","locations":[{"start":{"line":24,"column":12},"end":{"line":24,"column":30}},{"start":{"line":24,"column":34},"end":{"line":24,"column":50}}],"line":24}},"s":{"0":2,"1":2,"2":2,"3":2,"4":2,"5":2,"6":2,"7":2,"8":2,"9":2,"10":2,"11":2,"12":2,"13":2,"14":2,"15":2,"16":0,"17":0,"18":0,"19":2,"20":2,"21":2,"22":2,"23":0,"24":0,"25":2},"f":{"0":0},"b":{"0":[2,0],"1":[0,2],"2":[0,0]},"_coverageSchema":"1a1c01bbd47fc00a2c39e90264f33305004495a9","hash":"cf867e37d7914f3578d7e1d850ea7325600083e3"}
,"/home/henry/Documents/Projects/kloudopp-assessment/src/config/database.js": {"path":"/home/henry/Documents/Projects/kloudopp-assessment/src/config/database.js","statementMap":{"0":{"start":{"line":1,"column":22},"end":{"line":1,"column":42}},"1":{"start":{"line":3,"column":12},"end":{"line":3,"column":28}},"2":{"start":{"line":7,"column":2},"end":{"line":15,"column":3}},"3":{"start":{"line":8,"column":4},"end":{"line":14,"column":5}},"4":{"start":{"line":9,"column":17},"end":{"line":9,"column":30}},"5":{"start":{"line":10,"column":18},"end":{"line":10,"column":76}},"6":{"start":{"line":11,"column":6},"end":{"line":11,"column":25}},"7":{"start":{"line":13,"column":6},"end":{"line":13,"column":69}},"8":{"start":{"line":16,"column":14},"end":{"line":16,"column":35}},"9":{"start":{"line":17,"column":2},"end":{"line":17,"column":29}},"10":{"start":{"line":17,"column":19},"end":{"line":17,"column":29}},"11":{"start":{"line":18,"column":2},"end":{"line":18,"column":53}},"12":{"start":{"line":22,"column":0},"end":{"line":59,"column":1}},"13":{"start":{"line":23,"column":2},"end":{"line":26,"column":5}},"14":{"start":{"line":28,"column":19},"end":{"line":28,"column":36}},"15":{"start":{"line":29,"column":2},"end":{"line":31,"column":3}},"16":{"start":{"line":30,"column":4},"end":{"line":30,"column":57}},"17":{"start":{"line":32,"column":2},"end":{"line":41,"column":3}},"18":{"start":{"line":33,"column":4},"end":{"line":40,"column":7}},"19":{"start":{"line":42,"column":2},"end":{"line":58,"column":4}},"20":{"start":{"line":61,"column":23},"end":{"line":70,"column":1}},"21":{"start":{"line":62,"column":2},"end":{"line":69,"column":3}},"22":{"start":{"line":63,"column":4},"end":{"line":63,"column":74}},"23":{"start":{"line":63,"column":30},"end":{"line":63,"column":74}},"24":{"start":{"line":64,"column":4},"end":{"line":64,"column":35}},"25":{"start":{"line":65,"column":4},"end":{"line":65,"column":65}},"26":{"start":{"line":67,"column":4},"end":{"line":67,"column":86}},"27":{"start":{"line":68,"column":4},"end":{"line":68,"column":12}},"28":{"start":{"line":72,"column":0},"end":{"line":72,"column":47}}},"fnMap":{"0":{"name":"resolvePassword","decl":{"start":{"line":5,"column":9},"end":{"line":5,"column":24}},"loc":{"start":{"line":5,"column":27},"end":{"line":19,"column":1}},"line":5},"1":{"name":"(anonymous_1)","decl":{"start":{"line":61,"column":23},"end":{"line":61,"column":24}},"loc":{"start":{"line":61,"column":35},"end":{"line":70,"column":1}},"line":61}},"branchMap":{"0":{"loc":{"start":{"line":7,"column":2},"end":{"line":15,"column":3}},"type":"if","locations":[{"start":{"line":7,"column":2},"end":{"line":15,"column":3}},{"start":{},"end":{}}],"line":7},"1":{"loc":{"start":{"line":17,"column":2},"end":{"line":17,"column":29}},"type":"if","locations":[{"start":{"line":17,"column":2},"end":{"line":17,"column":29}},{"start":{},"end":{}}],"line":17},"2":{"loc":{"start":{"line":18,"column":9},"end":{"line":18,"column":52}},"type":"cond-expr","locations":[{"start":{"line":18,"column":35},"end":{"line":18,"column":38}},{"start":{"line":18,"column":41},"end":{"line":18,"column":52}}],"line":18},"3":{"loc":{"start":{"line":22,"column":0},"end":{"line":59,"column":1}},"type":"if","locations":[{"start":{"line":22,"column":0},"end":{"line":59,"column":1}},{"start":{"line":27,"column":7},"end":{"line":59,"column":1}}],"line":22},"4":{"loc":{"start":{"line":29,"column":2},"end":{"line":31,"column":3}},"type":"if","locations":[{"start":{"line":29,"column":2},"end":{"line":31,"column":3}},{"start":{},"end":{}}],"line":29},"5":{"loc":{"start":{"line":32,"column":2},"end":{"line":41,"column":3}},"type":"if","locations":[{"start":{"line":32,"column":2},"end":{"line":41,"column":3}},{"start":{},"end":{}}],"line":32},"6":{"loc":{"start":{"line":36,"column":12},"end":{"line":36,"column":44}},"type":"binary-expr","locations":[{"start":{"line":36,"column":12},"end":{"line":36,"column":29}},{"start":{"line":36,"column":33},"end":{"line":36,"column":44}}],"line":36},"7":{"loc":{"start":{"line":37,"column":12},"end":{"line":37,"column":37}},"type":"binary-expr","locations":[{"start":{"line":37,"column":12},"end":{"line":37,"column":29}},{"start":{"line":37,"column":33},"end":{"line":37,"column":37}}],"line":37},"8":{"loc":{"start":{"line":47,"column":12},"end":{"line":47,"column":44}},"type":"binary-expr","locations":[{"start":{"line":47,"column":12},"end":{"line":47,"column":29}},{"start":{"line":47,"column":33},"end":{"line":47,"column":44}}],"line":47},"9":{"loc":{"start":{"line":48,"column":12},"end":{"line":48,"column":37}},"type":"binary-expr","locations":[{"start":{"line":48,"column":12},"end":{"line":48,"column":29}},{"start":{"line":48,"column":33},"end":{"line":48,"column":37}}],"line":48},"10":{"loc":{"start":{"line":56,"column":15},"end":{"line":56,"column":59}},"type":"cond-expr","locations":[{"start":{"line":56,"column":40},"end":{"line":56,"column":51}},{"start":{"line":56,"column":54},"end":{"line":56,"column":59}}],"line":56},"11":{"loc":{"start":{"line":63,"column":4},"end":{"line":63,"column":74}},"type":"if","locations":[{"start":{"line":63,"column":4},"end":{"line":63,"column":74}},{"start":{},"end":{}}],"line":63}},"s":{"0":12,"1":12,"2":0,"3":0,"4":0,"5":0,"6":0,"7":0,"8":0,"9":0,"10":0,"11":0,"12":12,"13":12,"14":0,"15":0,"16":0,"17":0,"18":0,"19":0,"20":12,"21":0,"22":0,"23":0,"24":0,"25":0,"26":0,"27":0,"28":12},"f":{"0":0,"1":0},"b":{"0":[0,0],"1":[0,0],"2":[0,0],"3":[12,0],"4":[0,0],"5":[0,0],"6":[0,0],"7":[0,0],"8":[0,0],"9":[0,0],"10":[0,0],"11":[0,0]},"_coverageSchema":"1a1c01bbd47fc00a2c39e90264f33305004495a9","hash":"1fc1a3100585a2c01d4656b31892e9fcc37e2d44"}
,"/home/henry/Documents/Projects/kloudopp-assessment/src/config/env.js": {"path":"/home/henry/Documents/Projects/kloudopp-assessment/src/config/env.js","statementMap":{"0":{"start":{"line":4,"column":11},"end":{"line":4,"column":24}},"1":{"start":{"line":5,"column":13},"end":{"line":5,"column":28}},"2":{"start":{"line":6,"column":15},"end":{"line":6,"column":32}},"3":{"start":{"line":9,"column":2},"end":{"line":9,"column":39}},"4":{"start":{"line":9,"column":32},"end":{"line":9,"column":39}},"5":{"start":{"line":10,"column":14},"end":{"line":10,"column":27}},"6":{"start":{"line":11,"column":17},"end":{"line":11,"column":48}},"7":{"start":{"line":12,"column":19},"end":{"line":12,"column":46}},"8":{"start":{"line":13,"column":20},"end":{"line":13,"column":41}},"9":{"start":{"line":15,"column":2},"end":{"line":19,"column":3}},"10":{"start":{"line":16,"column":4},"end":{"line":16,"column":22}},"11":{"start":{"line":17,"column":9},"end":{"line":19,"column":3}},"12":{"start":{"line":18,"column":4},"end":{"line":18,"column":23}},"13":{"start":{"line":20,"column":2},"end":{"line":24,"column":3}},"14":{"start":{"line":21,"column":4},"end":{"line":21,"column":36}},"15":{"start":{"line":23,"column":4},"end":{"line":23,"column":20}},"16":{"start":{"line":25,"column":2},"end":{"line":25,"column":33}},"17":{"start":{"line":28,"column":0},"end":{"line":28,"column":7}},"18":{"start":{"line":30,"column":0},"end":{"line":30,"column":29}}},"fnMap":{"0":{"name":"load","decl":{"start":{"line":8,"column":9},"end":{"line":8,"column":13}},"loc":{"start":{"line":8,"column":16},"end":{"line":26,"column":1}},"line":8}},"branchMap":{"0":{"loc":{"start":{"line":9,"column":2},"end":{"line":9,"column":39}},"type":"if","locations":[{"start":{"line":9,"column":2},"end":{"line":9,"column":39}},{"start":{},"end":{}}],"line":9},"1":{"loc":{"start":{"line":15,"column":2},"end":{"line":19,"column":3}},"type":"if","locations":[{"start":{"line":15,"column":2},"end":{"line":19,"column":3}},{"start":{"line":17,"column":9},"end":{"line":19,"column":3}}],"line":15},"2":{"loc":{"start":{"line":15,"column":6},"end":{"line":15,"column":39}},"type":"binary-expr","locations":[{"start":{"line":15,"column":6},"end":{"line":15,"column":12}},{"start":{"line":15,"column":16},"end":{"line":15,"column":39}}],"line":15},"3":{"loc":{"start":{"line":17,"column":9},"end":{"line":19,"column":3}},"type":"if","locations":[{"start":{"line":17,"column":9},"end":{"line":19,"column":3}},{"start":{},"end":{}}],"line":17},"4":{"loc":{"start":{"line":20,"column":2},"end":{"line":24,"column":3}},"type":"if","locations":[{"start":{"line":20,"column":2},"end":{"line":24,"column":3}},{"start":{"line":22,"column":9},"end":{"line":24,"column":3}}],"line":20}},"s":{"0":14,"1":14,"2":14,"3":14,"4":6,"5":8,"6":8,"7":8,"8":8,"9":8,"10":8,"11":0,"12":0,"13":8,"14":8,"15":0,"16":8,"17":14,"18":14},"f":{"0":14},"b":{"0":[6,8],"1":[8,0],"2":[8,8],"3":[0,0],"4":[8,0]},"_coverageSchema":"1a1c01bbd47fc00a2c39e90264f33305004495a9","hash":"af28cbc85a3ccbc7df2826861ac29fff2bc7180f"}
,"/home/henry/Documents/Projects/kloudopp-assessment/src/config/passport.js": {"path":"/home/henry/Documents/Projects/kloudopp-assessment/src/config/passport.js","statementMap":{"0":{"start":{"line":1,"column":17},"end":{"line":1,"column":36}},"1":{"start":{"line":2,"column":23},"end":{"line":2,"column":66}},"2":{"start":{"line":3,"column":46},"end":{"line":3,"column":69}},"3":{"start":{"line":4,"column":14},"end":{"line":4,"column":39}},"4":{"start":{"line":5,"column":12},"end":{"line":5,"column":28}},"5":{"start":{"line":8,"column":0},"end":{"line":53,"column":4}},"6":{"start":{"line":14,"column":2},"end":{"line":52,"column":3}},"7":{"start":{"line":15,"column":18},"end":{"line":15,"column":44}},"8":{"start":{"line":16,"column":21},"end":{"line":16,"column":31}},"9":{"start":{"line":17,"column":22},"end":{"line":17,"column":45}},"10":{"start":{"line":18,"column":21},"end":{"line":18,"column":45}},"11":{"start":{"line":19,"column":27},"end":{"line":19,"column":53}},"12":{"start":{"line":21,"column":15},"end":{"line":21,"column":58}},"13":{"start":{"line":22,"column":4},"end":{"line":26,"column":5}},"14":{"start":{"line":23,"column":6},"end":{"line":23,"column":34}},"15":{"start":{"line":24,"column":6},"end":{"line":24,"column":24}},"16":{"start":{"line":25,"column":6},"end":{"line":25,"column":30}},"17":{"start":{"line":27,"column":4},"end":{"line":27,"column":52}},"18":{"start":{"line":28,"column":4},"end":{"line":36,"column":5}},"19":{"start":{"line":29,"column":6},"end":{"line":29,"column":31}},"20":{"start":{"line":30,"column":6},"end":{"line":30,"column":35}},"21":{"start":{"line":31,"column":6},"end":{"line":31,"column":34}},"22":{"start":{"line":32,"column":6},"end":{"line":32,"column":43}},"23":{"start":{"line":33,"column":6},"end":{"line":33,"column":34}},"24":{"start":{"line":34,"column":6},"end":{"line":34,"column":24}},"25":{"start":{"line":35,"column":6},"end":{"line":35,"column":30}},"26":{"start":{"line":37,"column":21},"end":{"line":37,"column":62}},"27":{"start":{"line":38,"column":20},"end":{"line":48,"column":6}},"28":{"start":{"line":49,"column":4},"end":{"line":49,"column":31}},"29":{"start":{"line":51,"column":4},"end":{"line":51,"column":25}},"30":{"start":{"line":55,"column":18},"end":{"line":55,"column":57}},"31":{"start":{"line":56,"column":0},"end":{"line":72,"column":1}},"32":{"start":{"line":57,"column":21},"end":{"line":60,"column":3}},"33":{"start":{"line":61,"column":2},"end":{"line":71,"column":6}},"34":{"start":{"line":62,"column":4},"end":{"line":70,"column":5}},"35":{"start":{"line":63,"column":19},"end":{"line":63,"column":53}},"36":{"start":{"line":64,"column":6},"end":{"line":66,"column":7}},"37":{"start":{"line":65,"column":8},"end":{"line":65,"column":33}},"38":{"start":{"line":67,"column":6},"end":{"line":67,"column":30}},"39":{"start":{"line":69,"column":6},"end":{"line":69,"column":28}},"40":{"start":{"line":74,"column":0},"end":{"line":74,"column":26}}},"fnMap":{"0":{"name":"(anonymous_0)","decl":{"start":{"line":13,"column":3},"end":{"line":13,"column":4}},"loc":{"start":{"line":13,"column":64},"end":{"line":53,"column":1}},"line":13},"1":{"name":"(anonymous_1)","decl":{"start":{"line":61,"column":43},"end":{"line":61,"column":44}},"loc":{"start":{"line":61,"column":71},"end":{"line":71,"column":3}},"line":61}},"branchMap":{"0":{"loc":{"start":{"line":9,"column":12},"end":{"line":9,"column":46}},"type":"binary-expr","locations":[{"start":{"line":9,"column":12},"end":{"line":9,"column":32}},{"start":{"line":9,"column":36},"end":{"line":9,"column":46}}],"line":9},"1":{"loc":{"start":{"line":10,"column":16},"end":{"line":10,"column":58}},"type":"binary-expr","locations":[{"start":{"line":10,"column":16},"end":{"line":10,"column":40}},{"start":{"line":10,"column":44},"end":{"line":10,"column":58}}],"line":10},"2":{"loc":{"start":{"line":11,"column":15},"end":{"line":11,"column":90}},"type":"binary-expr","locations":[{"start":{"line":11,"column":15},"end":{"line":11,"column":38}},{"start":{"line":11,"column":42},"end":{"line":11,"column":90}}],"line":11},"3":{"loc":{"start":{"line":22,"column":4},"end":{"line":26,"column":5}},"type":"if","locations":[{"start":{"line":22,"column":4},"end":{"line":26,"column":5}},{"start":{},"end":{}}],"line":22},"4":{"loc":{"start":{"line":28,"column":4},"end":{"line":36,"column":5}},"type":"if","locations":[{"start":{"line":28,"column":4},"end":{"line":36,"column":5}},{"start":{},"end":{}}],"line":28},"5":{"loc":{"start":{"line":28,"column":8},"end":{"line":28,"column":45}},"type":"binary-expr","locations":[{"start":{"line":28,"column":8},"end":{"line":28,"column":12}},{"start":{"line":28,"column":16},"end":{"line":28,"column":45}}],"line":28},"6":{"loc":{"start":{"line":37,"column":21},"end":{"line":37,"column":62}},"type":"binary-expr","locations":[{"start":{"line":37,"column":21},"end":{"line":37,"column":46}},{"start":{"line":37,"column":50},"end":{"line":37,"column":62}}],"line":37},"7":{"loc":{"start":{"line":55,"column":18},"end":{"line":55,"column":57}},"type":"binary-expr","locations":[{"start":{"line":55,"column":18},"end":{"line":55,"column":39}},{"start":{"line":55,"column":43},"end":{"line":55,"column":57}}],"line":55},"8":{"loc":{"start":{"line":56,"column":0},"end":{"line":72,"column":1}},"type":"if","locations":[{"start":{"line":56,"column":0},"end":{"line":72,"column":1}},{"start":{},"end":{}}],"line":56},"9":{"loc":{"start":{"line":64,"column":6},"end":{"line":66,"column":7}},"type":"if","locations":[{"start":{"line":64,"column":6},"end":{"line":66,"column":7}},{"start":{},"end":{}}],"line":64},"10":{"loc":{"start":{"line":64,"column":10},"end":{"line":64,"column":33}},"type":"binary-expr","locations":[{"start":{"line":64,"column":10},"end":{"line":64,"column":15}},{"start":{"line":64,"column":19},"end":{"line":64,"column":33}}],"line":64}},"s":{"0":2,"1":2,"2":2,"3":2,"4":2,"5":2,"6":0,"7":0,"8":0,"9":0,"10":0,"11":0,"12":0,"13":0,"14":0,"15":0,"16":0,"17":0,"18":0,"19":0,"20":0,"21":0,"22":0,"23":0,"24":0,"25":0,"26":0,"27":0,"28":0,"29":0,"30":2,"31":2,"32":2,"33":2,"34":0,"35":0,"36":0,"37":0,"38":0,"39":0,"40":2},"f":{"0":0,"1":0},"b":{"0":[2,0],"1":[2,0],"2":[2,0],"3":[0,0],"4":[0,0],"5":[0,0],"6":[0,0],"7":[2,0],"8":[2,0],"9":[0,0],"10":[0,0]},"_coverageSchema":"1a1c01bbd47fc00a2c39e90264f33305004495a9","hash":"436b8e28a9d9c3ce6bed40429f68bfd05dfcf9c8"}
,"/home/henry/Documents/Projects/kloudopp-assessment/src/controllers/authController.js": {"path":"/home/henry/Documents/Projects/kloudopp-assessment/src/controllers/authController.js","statementMap":{"0":{"start":{"line":1,"column":13},"end":{"line":1,"column":38}},"1":{"start":{"line":2,"column":15},"end":{"line":2,"column":32}},"2":{"start":{"line":3,"column":58},"end":{"line":3,"column":90}},"3":{"start":{"line":4,"column":50},"end":{"line":4,"column":73}},"4":{"start":{"line":7,"column":15},"end":{"line":54,"column":1}},"5":{"start":{"line":8,"column":2},"end":{"line":53,"column":3}},"6":{"start":{"line":9,"column":63},"end":{"line":9,"column":71}},"7":{"start":{"line":10,"column":25},"end":{"line":10,"column":65}},"8":{"start":{"line":11,"column":4},"end":{"line":13,"column":5}},"9":{"start":{"line":12,"column":6},"end":{"line":12,"column":102}},"10":{"start":{"line":15,"column":25},"end":{"line":15,"column":58}},"11":{"start":{"line":16,"column":35},"end":{"line":16,"column":73}},"12":{"start":{"line":18,"column":17},"end":{"line":26,"column":6}},"13":{"start":{"line":28,"column":20},"end":{"line":28,"column":24}},"14":{"start":{"line":29,"column":4},"end":{"line":34,"column":5}},"15":{"start":{"line":30,"column":6},"end":{"line":30,"column":65}},"16":{"start":{"line":32,"column":6},"end":{"line":32,"column":68}},"17":{"start":{"line":33,"column":6},"end":{"line":33,"column":24}},"18":{"start":{"line":36,"column":42},"end":{"line":36,"column":84}},"19":{"start":{"line":37,"column":4},"end":{"line":37,"column":37}},"20":{"start":{"line":38,"column":4},"end":{"line":38,"column":22}},"21":{"start":{"line":40,"column":4},"end":{"line":49,"column":7}},"22":{"start":{"line":51,"column":4},"end":{"line":51,"column":45}},"23":{"start":{"line":52,"column":4},"end":{"line":52,"column":114}},"24":{"start":{"line":55,"column":14},"end":{"line":92,"column":1}},"25":{"start":{"line":56,"column":2},"end":{"line":90,"column":3}},"26":{"start":{"line":57,"column":32},"end":{"line":57,"column":40}},"27":{"start":{"line":58,"column":17},"end":{"line":58,"column":57}},"28":{"start":{"line":60,"column":4},"end":{"line":62,"column":5}},"29":{"start":{"line":61,"column":6},"end":{"line":61,"column":92}},"30":{"start":{"line":64,"column":4},"end":{"line":66,"column":5}},"31":{"start":{"line":65,"column":6},"end":{"line":65,"column":114}},"32":{"start":{"line":68,"column":28},"end":{"line":68,"column":65}},"33":{"start":{"line":69,"column":4},"end":{"line":71,"column":5}},"34":{"start":{"line":70,"column":6},"end":{"line":70,"column":92}},"35":{"start":{"line":73,"column":42},"end":{"line":73,"column":84}},"36":{"start":{"line":74,"column":4},"end":{"line":74,"column":37}},"37":{"start":{"line":75,"column":4},"end":{"line":75,"column":32}},"38":{"start":{"line":76,"column":4},"end":{"line":76,"column":22}},"39":{"start":{"line":78,"column":4},"end":{"line":86,"column":7}},"40":{"start":{"line":88,"column":4},"end":{"line":88,"column":37}},"41":{"start":{"line":89,"column":4},"end":{"line":89,"column":113}},"42":{"start":{"line":94,"column":21},"end":{"line":117,"column":1}},"43":{"start":{"line":95,"column":2},"end":{"line":116,"column":3}},"44":{"start":{"line":96,"column":29},"end":{"line":96,"column":37}},"45":{"start":{"line":97,"column":4},"end":{"line":99,"column":5}},"46":{"start":{"line":98,"column":6},"end":{"line":98,"column":92}},"47":{"start":{"line":101,"column":4},"end":{"line":103,"column":5}},"48":{"start":{"line":101,"column":10},"end":{"line":101,"column":53}},"49":{"start":{"line":102,"column":6},"end":{"line":102,"column":99}},"50":{"start":{"line":104,"column":17},"end":{"line":104,"column":48}},"51":{"start":{"line":105,"column":4},"end":{"line":107,"column":5}},"52":{"start":{"line":106,"column":6},"end":{"line":106,"column":88}},"53":{"start":{"line":108,"column":24},"end":{"line":108,"column":133}},"54":{"start":{"line":109,"column":59},"end":{"line":109,"column":89}},"55":{"start":{"line":110,"column":4},"end":{"line":110,"column":40}},"56":{"start":{"line":111,"column":4},"end":{"line":111,"column":22}},"57":{"start":{"line":112,"column":4},"end":{"line":112,"column":134}},"58":{"start":{"line":114,"column":4},"end":{"line":114,"column":45}},"59":{"start":{"line":115,"column":4},"end":{"line":115,"column":103}},"60":{"start":{"line":119,"column":15},"end":{"line":135,"column":1}},"61":{"start":{"line":120,"column":2},"end":{"line":133,"column":3}},"62":{"start":{"line":121,"column":19},"end":{"line":121,"column":31}},"63":{"start":{"line":122,"column":4},"end":{"line":128,"column":5}},"64":{"start":{"line":123,"column":19},"end":{"line":123,"column":46}},"65":{"start":{"line":124,"column":6},"end":{"line":127,"column":7}},"66":{"start":{"line":125,"column":8},"end":{"line":125,"column":33}},"67":{"start":{"line":126,"column":8},"end":{"line":126,"column":26}},"68":{"start":{"line":129,"column":4},"end":{"line":129,"column":69}},"69":{"start":{"line":131,"column":4},"end":{"line":131,"column":38}},"70":{"start":{"line":132,"column":4},"end":{"line":132,"column":114}},"71":{"start":{"line":137,"column":20},"end":{"line":158,"column":1}},"72":{"start":{"line":138,"column":2},"end":{"line":157,"column":3}},"73":{"start":{"line":139,"column":18},"end":{"line":139,"column":33}},"74":{"start":{"line":140,"column":4},"end":{"line":142,"column":5}},"75":{"start":{"line":141,"column":6},"end":{"line":141,"column":97}},"76":{"start":{"line":144,"column":17},"end":{"line":144,"column":81}},"77":{"start":{"line":145,"column":4},"end":{"line":147,"column":5}},"78":{"start":{"line":146,"column":6},"end":{"line":146,"column":93}},"79":{"start":{"line":149,"column":4},"end":{"line":149,"column":32}},"80":{"start":{"line":150,"column":4},"end":{"line":150,"column":39}},"81":{"start":{"line":151,"column":4},"end":{"line":151,"column":22}},"82":{"start":{"line":153,"column":4},"end":{"line":153,"column":79}},"83":{"start":{"line":155,"column":4},"end":{"line":155,"column":50}},"84":{"start":{"line":156,"column":4},"end":{"line":156,"column":104}},"85":{"start":{"line":160,"column":29},"end":{"line":188,"column":1}},"86":{"start":{"line":161,"column":2},"end":{"line":187,"column":3}},"87":{"start":{"line":162,"column":22},"end":{"line":162,"column":30}},"88":{"start":{"line":163,"column":17},"end":{"line":163,"column":57}},"89":{"start":{"line":164,"column":4},"end":{"line":166,"column":5}},"90":{"start":{"line":165,"column":6},"end":{"line":165,"column":99}},"91":{"start":{"line":168,"column":23},"end":{"line":168,"column":61}},"92":{"start":{"line":169,"column":24},"end":{"line":169,"column":44}},"93":{"start":{"line":171,"column":4},"end":{"line":171,"column":41}},"94":{"start":{"line":172,"column":4},"end":{"line":172,"column":44}},"95":{"start":{"line":173,"column":4},"end":{"line":173,"column":22}},"96":{"start":{"line":175,"column":20},"end":{"line":175,"column":24}},"97":{"start":{"line":176,"column":4},"end":{"line":181,"column":5}},"98":{"start":{"line":177,"column":6},"end":{"line":177,"column":54}},"99":{"start":{"line":179,"column":6},"end":{"line":179,"column":62}},"100":{"start":{"line":180,"column":6},"end":{"line":180,"column":24}},"101":{"start":{"line":183,"column":4},"end":{"line":183,"column":88}},"102":{"start":{"line":185,"column":4},"end":{"line":185,"column":54}},"103":{"start":{"line":186,"column":4},"end":{"line":186,"column":104}},"104":{"start":{"line":190,"column":22},"end":{"line":210,"column":1}},"105":{"start":{"line":191,"column":2},"end":{"line":209,"column":3}},"106":{"start":{"line":192,"column":35},"end":{"line":192,"column":43}},"107":{"start":{"line":194,"column":17},"end":{"line":194,"column":77}},"108":{"start":{"line":195,"column":4},"end":{"line":197,"column":5}},"109":{"start":{"line":196,"column":6},"end":{"line":196,"column":106}},"110":{"start":{"line":199,"column":4},"end":{"line":199,"column":61}},"111":{"start":{"line":200,"column":4},"end":{"line":200,"column":35}},"112":{"start":{"line":201,"column":4},"end":{"line":201,"column":37}},"113":{"start":{"line":202,"column":4},"end":{"line":202,"column":29}},"114":{"start":{"line":203,"column":4},"end":{"line":203,"column":22}},"115":{"start":{"line":205,"column":4},"end":{"line":205,"column":116}},"116":{"start":{"line":207,"column":4},"end":{"line":207,"column":46}},"117":{"start":{"line":208,"column":4},"end":{"line":208,"column":104}},"118":{"start":{"line":212,"column":23},"end":{"line":226,"column":1}},"119":{"start":{"line":213,"column":2},"end":{"line":225,"column":3}},"120":{"start":{"line":214,"column":17},"end":{"line":214,"column":25}},"121":{"start":{"line":215,"column":42},"end":{"line":215,"column":84}},"122":{"start":{"line":217,"column":4},"end":{"line":217,"column":37}},"123":{"start":{"line":218,"column":4},"end":{"line":218,"column":22}},"124":{"start":{"line":220,"column":24},"end":{"line":220,"column":121}},"125":{"start":{"line":221,"column":4},"end":{"line":221,"column":37}},"126":{"start":{"line":223,"column":4},"end":{"line":223,"column":53}},"127":{"start":{"line":224,"column":4},"end":{"line":224,"column":95}},"128":{"start":{"line":228,"column":0},"end":{"line":237,"column":2}}},"fnMap":{"0":{"name":"(anonymous_0)","decl":{"start":{"line":7,"column":15},"end":{"line":7,"column":16}},"loc":{"start":{"line":7,"column":35},"end":{"line":54,"column":1}},"line":7},"1":{"name":"(anonymous_1)","decl":{"start":{"line":55,"column":14},"end":{"line":55,"column":15}},"loc":{"start":{"line":55,"column":34},"end":{"line":92,"column":1}},"line":55},"2":{"name":"(anonymous_2)","decl":{"start":{"line":94,"column":21},"end":{"line":94,"column":22}},"loc":{"start":{"line":94,"column":41},"end":{"line":117,"column":1}},"line":94},"3":{"name":"(anonymous_3)","decl":{"start":{"line":119,"column":15},"end":{"line":119,"column":16}},"loc":{"start":{"line":119,"column":35},"end":{"line":135,"column":1}},"line":119},"4":{"name":"(anonymous_4)","decl":{"start":{"line":137,"column":20},"end":{"line":137,"column":21}},"loc":{"start":{"line":137,"column":40},"end":{"line":158,"column":1}},"line":137},"5":{"name":"(anonymous_5)","decl":{"start":{"line":160,"column":29},"end":{"line":160,"column":30}},"loc":{"start":{"line":160,"column":49},"end":{"line":188,"column":1}},"line":160},"6":{"name":"(anonymous_6)","decl":{"start":{"line":190,"column":22},"end":{"line":190,"column":23}},"loc":{"start":{"line":190,"column":42},"end":{"line":210,"column":1}},"line":190},"7":{"name":"(anonymous_7)","decl":{"start":{"line":212,"column":23},"end":{"line":212,"column":24}},"loc":{"start":{"line":212,"column":43},"end":{"line":226,"column":1}},"line":212}},"branchMap":{"0":{"loc":{"start":{"line":11,"column":4},"end":{"line":13,"column":5}},"type":"if","locations":[{"start":{"line":11,"column":4},"end":{"line":13,"column":5}},{"start":{},"end":{}}],"line":11},"1":{"loc":{"start":{"line":60,"column":4},"end":{"line":62,"column":5}},"type":"if","locations":[{"start":{"line":60,"column":4},"end":{"line":62,"column":5}},{"start":{},"end":{}}],"line":60},"2":{"loc":{"start":{"line":64,"column":4},"end":{"line":66,"column":5}},"type":"if","locations":[{"start":{"line":64,"column":4},"end":{"line":66,"column":5}},{"start":{},"end":{}}],"line":64},"3":{"loc":{"start":{"line":69,"column":4},"end":{"line":71,"column":5}},"type":"if","locations":[{"start":{"line":69,"column":4},"end":{"line":71,"column":5}},{"start":{},"end":{}}],"line":69},"4":{"loc":{"start":{"line":97,"column":4},"end":{"line":99,"column":5}},"type":"if","locations":[{"start":{"line":97,"column":4},"end":{"line":99,"column":5}},{"start":{},"end":{}}],"line":97},"5":{"loc":{"start":{"line":105,"column":4},"end":{"line":107,"column":5}},"type":"if","locations":[{"start":{"line":105,"column":4},"end":{"line":107,"column":5}},{"start":{},"end":{}}],"line":105},"6":{"loc":{"start":{"line":105,"column":8},"end":{"line":105,"column":51}},"type":"binary-expr","locations":[{"start":{"line":105,"column":8},"end":{"line":105,"column":13}},{"start":{"line":105,"column":17},"end":{"line":105,"column":51}}],"line":105},"7":{"loc":{"start":{"line":108,"column":24},"end":{"line":108,"column":133}},"type":"cond-expr","locations":[{"start":{"line":108,"column":48},"end":{"line":108,"column":71}},{"start":{"line":108,"column":74},"end":{"line":108,"column":133}}],"line":108},"8":{"loc":{"start":{"line":122,"column":4},"end":{"line":128,"column":5}},"type":"if","locations":[{"start":{"line":122,"column":4},"end":{"line":128,"column":5}},{"start":{},"end":{}}],"line":122},"9":{"loc":{"start":{"line":124,"column":6},"end":{"line":127,"column":7}},"type":"if","locations":[{"start":{"line":124,"column":6},"end":{"line":127,"column":7}},{"start":{},"end":{}}],"line":124},"10":{"loc":{"start":{"line":140,"column":4},"end":{"line":142,"column":5}},"type":"if","locations":[{"start":{"line":140,"column":4},"end":{"line":142,"column":5}},{"start":{},"end":{}}],"line":140},"11":{"loc":{"start":{"line":145,"column":4},"end":{"line":147,"column":5}},"type":"if","locations":[{"start":{"line":145,"column":4},"end":{"line":147,"column":5}},{"start":{},"end":{}}],"line":145},"12":{"loc":{"start":{"line":164,"column":4},"end":{"line":166,"column":5}},"type":"if","locations":[{"start":{"line":164,"column":4},"end":{"line":166,"column":5}},{"start":{},"end":{}}],"line":164},"13":{"loc":{"start":{"line":195,"column":4},"end":{"line":197,"column":5}},"type":"if","locations":[{"start":{"line":195,"column":4},"end":{"line":197,"column":5}},{"start":{},"end":{}}],"line":195}},"s":{"0":3,"1":3,"2":3,"3":3,"4":3,"5":6,"6":6,"7":6,"8":5,"9":2,"10":3,"11":3,"12":3,"13":3,"14":3,"15":3,"16":1,"17":1,"18":3,"19":3,"20":3,"21":3,"22":1,"23":1,"24":3,"25":8,"26":8,"27":8,"28":7,"29":2,"30":5,"31":2,"32":3,"33":3,"34":1,"35":2,"36":2,"37":2,"38":2,"39":2,"40":1,"41":1,"42":3,"43":8,"44":8,"45":8,"46":2,"47":6,"48":6,"49":2,"50":4,"51":4,"52":2,"53":2,"54":2,"55":2,"56":2,"57":2,"58":0,"59":0,"60":3,"61":3,"62":3,"63":3,"64":3,"65":3,"66":2,"67":2,"68":3,"69":0,"70":0,"71":3,"72":0,"73":0,"74":0,"75":0,"76":0,"77":0,"78":0,"79":0,"80":0,"81":0,"82":0,"83":0,"84":0,"85":3,"86":0,"87":0,"88":0,"89":0,"90":0,"91":0,"92":0,"93":0,"94":0,"95":0,"96":0,"97":0,"98":0,"99":0,"100":0,"101":0,"102":0,"103":0,"104":3,"105":0,"106":0,"107":0,"108":0,"109":0,"110":0,"111":0,"112":0,"113":0,"114":0,"115":0,"116":0,"117":0,"118":3,"119":0,"120":0,"121":0,"122":0,"123":0,"124":0,"125":0,"126":0,"127":0,"128":3},"f":{"0":6,"1":8,"2":8,"3":3,"4":0,"5":0,"6":0,"7":0},"b":{"0":[2,3],"1":[2,5],"2":[2,3],"3":[1,2],"4":[2,6],"5":[2,2],"6":[4,3],"7":[0,2],"8":[3,0],"9":[2,1],"10":[0,0],"11":[0,0],"12":[0,0],"13":[0,0]},"_coverageSchema":"1a1c01bbd47fc00a2c39e90264f33305004495a9","hash":"e1ba5b9346b61edb15ec0145b7aa0ad6b8c57c92"}
,"/home/henry/Documents/Projects/kloudopp-assessment/src/controllers/userController.js": {"path":"/home/henry/Documents/Projects/kloudopp-assessment/src/controllers/userController.js","statementMap":{"0":{"start":{"line":1,"column":13},"end":{"line":1,"column":38}},"1":{"start":{"line":3,"column":19},"end":{"line":15,"column":1}},"2":{"start":{"line":4,"column":2},"end":{"line":14,"column":3}},"3":{"start":{"line":5,"column":19},"end":{"line":5,"column":30}},"4":{"start":{"line":6,"column":17},"end":{"line":6,"column":44}},"5":{"start":{"line":7,"column":4},"end":{"line":9,"column":5}},"6":{"start":{"line":8,"column":6},"end":{"line":8,"column":81}},"7":{"start":{"line":10,"column":4},"end":{"line":10,"column":80}},"8":{"start":{"line":12,"column":4},"end":{"line":12,"column":43}},"9":{"start":{"line":13,"column":4},"end":{"line":13,"column":105}},"10":{"start":{"line":16,"column":22},"end":{"line":33,"column":1}},"11":{"start":{"line":17,"column":2},"end":{"line":32,"column":3}},"12":{"start":{"line":18,"column":19},"end":{"line":18,"column":30}},"13":{"start":{"line":19,"column":52},"end":{"line":19,"column":60}},"14":{"start":{"line":20,"column":17},"end":{"line":20,"column":44}},"15":{"start":{"line":21,"column":4},"end":{"line":23,"column":5}},"16":{"start":{"line":22,"column":6},"end":{"line":22,"column":81}},"17":{"start":{"line":24,"column":4},"end":{"line":24,"column":60}},"18":{"start":{"line":24,"column":33},"end":{"line":24,"column":60}},"19":{"start":{"line":25,"column":4},"end":{"line":25,"column":57}},"20":{"start":{"line":25,"column":32},"end":{"line":25,"column":57}},"21":{"start":{"line":26,"column":4},"end":{"line":26,"column":75}},"22":{"start":{"line":26,"column":38},"end":{"line":26,"column":75}},"23":{"start":{"line":27,"column":4},"end":{"line":27,"column":22}},"24":{"start":{"line":28,"column":4},"end":{"line":28,"column":121}},"25":{"start":{"line":30,"column":4},"end":{"line":30,"column":46}},"26":{"start":{"line":31,"column":4},"end":{"line":31,"column":105}},"27":{"start":{"line":34,"column":26},"end":{"line":49,"column":1}},"28":{"start":{"line":35,"column":2},"end":{"line":48,"column":3}},"29":{"start":{"line":36,"column":19},"end":{"line":36,"column":30}},"30":{"start":{"line":37,"column":17},"end":{"line":37,"column":44}},"31":{"start":{"line":38,"column":4},"end":{"line":40,"column":5}},"32":{"start":{"line":39,"column":6},"end":{"line":39,"column":81}},"33":{"start":{"line":41,"column":4},"end":{"line":41,"column":26}},"34":{"start":{"line":42,"column":4},"end":{"line":42,"column":29}},"35":{"start":{"line":43,"column":4},"end":{"line":43,"column":22}},"36":{"start":{"line":44,"column":4},"end":{"line":44,"column":84}},"37":{"start":{"line":46,"column":4},"end":{"line":46,"column":50}},"38":{"start":{"line":47,"column":4},"end":{"line":47,"column":109}},"39":{"start":{"line":51,"column":0},"end":{"line":55,"column":2}}},"fnMap":{"0":{"name":"(anonymous_0)","decl":{"start":{"line":3,"column":19},"end":{"line":3,"column":20}},"loc":{"start":{"line":3,"column":39},"end":{"line":15,"column":1}},"line":3},"1":{"name":"(anonymous_1)","decl":{"start":{"line":16,"column":22},"end":{"line":16,"column":23}},"loc":{"start":{"line":16,"column":42},"end":{"line":33,"column":1}},"line":16},"2":{"name":"(anonymous_2)","decl":{"start":{"line":34,"column":26},"end":{"line":34,"column":27}},"loc":{"start":{"line":34,"column":46},"end":{"line":49,"column":1}},"line":34}},"branchMap":{"0":{"loc":{"start":{"line":7,"column":4},"end":{"line":9,"column":5}},"type":"if","locations":[{"start":{"line":7,"column":4},"end":{"line":9,"column":5}},{"start":{},"end":{}}],"line":7},"1":{"loc":{"start":{"line":21,"column":4},"end":{"line":23,"column":5}},"type":"if","locations":[{"start":{"line":21,"column":4},"end":{"line":23,"column":5}},{"start":{},"end":{}}],"line":21},"2":{"loc":{"start":{"line":24,"column":4},"end":{"line":24,"column":60}},"type":"if","locations":[{"start":{"line":24,"column":4},"end":{"line":24,"column":60}},{"start":{},"end":{}}],"line":24},"3":{"loc":{"start":{"line":25,"column":4},"end":{"line":25,"column":57}},"type":"if","locations":[{"start":{"line":25,"column":4},"end":{"line":25,"column":57}},{"start":{},"end":{}}],"line":25},"4":{"loc":{"start":{"line":26,"column":4},"end":{"line":26,"column":75}},"type":"if","locations":[{"start":{"line":26,"column":4},"end":{"line":26,"column":75}},{"start":{},"end":{}}],"line":26},"5":{"loc":{"start":{"line":38,"column":4},"end":{"line":40,"column":5}},"type":"if","locations":[{"start":{"line":38,"column":4},"end":{"line":40,"column":5}},{"start":{},"end":{}}],"line":38}},"s":{"0":3,"1":3,"2":5,"3":5,"4":5,"5":4,"6":2,"7":2,"8":1,"9":1,"10":3,"11":7,"12":7,"13":7,"14":7,"15":6,"16":2,"17":4,"18":3,"19":4,"20":2,"21":4,"22":2,"23":4,"24":4,"25":1,"26":1,"27":3,"28":6,"29":6,"30":6,"31":5,"32":2,"33":3,"34":3,"35":3,"36":3,"37":1,"38":1,"39":3},"f":{"0":5,"1":7,"2":6},"b":{"0":[2,2],"1":[2,4],"2":[3,1],"3":[2,2],"4":[2,2],"5":[2,3]},"_coverageSchema":"1a1c01bbd47fc00a2c39e90264f33305004495a9","hash":"611ba2d65e85e2167470dcf40a2f7adbc38bfb22"}
,"/home/henry/Documents/Projects/kloudopp-assessment/src/database/migration.js": {"path":"/home/henry/Documents/Projects/kloudopp-assessment/src/database/migration.js","statementMap":{"0":{"start":{"line":1,"column":20},"end":{"line":1,"column":49}},"1":{"start":{"line":2,"column":12},"end":{"line":2,"column":36}},"2":{"start":{"line":4,"column":22},"end":{"line":18,"column":1}},"3":{"start":{"line":5,"column":2},"end":{"line":17,"column":3}},"4":{"start":{"line":6,"column":4},"end":{"line":6,"column":35}},"5":{"start":{"line":7,"column":4},"end":{"line":7,"column":65}},"6":{"start":{"line":8,"column":4},"end":{"line":8,"column":61}},"7":{"start":{"line":9,"column":4},"end":{"line":9,"column":41}},"8":{"start":{"line":10,"column":4},"end":{"line":10,"column":54}},"9":{"start":{"line":11,"column":4},"end":{"line":11,"column":19}},"10":{"start":{"line":13,"column":4},"end":{"line":13,"column":62}},"11":{"start":{"line":14,"column":4},"end":{"line":14,"column":19}},"12":{"start":{"line":16,"column":4},"end":{"line":16,"column":28}},"13":{"start":{"line":21,"column":0},"end":{"line":21,"column":15}}},"fnMap":{"0":{"name":"(anonymous_0)","decl":{"start":{"line":4,"column":22},"end":{"line":4,"column":23}},"loc":{"start":{"line":4,"column":34},"end":{"line":18,"column":1}},"line":4}},"branchMap":{},"s":{"0":0,"1":0,"2":0,"3":0,"4":0,"5":0,"6":0,"7":0,"8":0,"9":0,"10":0,"11":0,"12":0,"13":0},"f":{"0":0},"b":{}}
,"/home/henry/Documents/Projects/kloudopp-assessment/src/middleware/auth.js": {"path":"/home/henry/Documents/Projects/kloudopp-assessment/src/middleware/auth.js","statementMap":{"0":{"start":{"line":1,"column":30},"end":{"line":1,"column":53}},"1":{"start":{"line":4,"column":21},"end":{"line":22,"column":1}},"2":{"start":{"line":5,"column":2},"end":{"line":21,"column":3}},"3":{"start":{"line":6,"column":23},"end":{"line":6,"column":48}},"4":{"start":{"line":7,"column":4},"end":{"line":9,"column":5}},"5":{"start":{"line":8,"column":6},"end":{"line":8,"column":100}},"6":{"start":{"line":10,"column":18},"end":{"line":10,"column":41}},"7":{"start":{"line":12,"column":4},"end":{"line":16,"column":5}},"8":{"start":{"line":13,"column":6},"end":{"line":13,"column":41}},"9":{"start":{"line":15,"column":6},"end":{"line":15,"column":91}},"10":{"start":{"line":17,"column":4},"end":{"line":17,"column":23}},"11":{"start":{"line":18,"column":4},"end":{"line":18,"column":18}},"12":{"start":{"line":20,"column":4},"end":{"line":20,"column":89}},"13":{"start":{"line":23,"column":22},"end":{"line":28,"column":1}},"14":{"start":{"line":24,"column":2},"end":{"line":26,"column":3}},"15":{"start":{"line":25,"column":4},"end":{"line":25,"column":101}},"16":{"start":{"line":27,"column":2},"end":{"line":27,"column":9}},"17":{"start":{"line":29,"column":26},"end":{"line":34,"column":1}},"18":{"start":{"line":30,"column":2},"end":{"line":32,"column":3}},"19":{"start":{"line":31,"column":4},"end":{"line":31,"column":105}},"20":{"start":{"line":33,"column":2},"end":{"line":33,"column":9}},"21":{"start":{"line":36,"column":20},"end":{"line":43,"column":1}},"22":{"start":{"line":37,"column":2},"end":{"line":42,"column":4}},"23":{"start":{"line":38,"column":4},"end":{"line":40,"column":5}},"24":{"start":{"line":39,"column":6},"end":{"line":39,"column":107}},"25":{"start":{"line":41,"column":4},"end":{"line":41,"column":11}},"26":{"start":{"line":46,"column":0},"end":{"line":51,"column":2}}},"fnMap":{"0":{"name":"(anonymous_0)","decl":{"start":{"line":4,"column":21},"end":{"line":4,"column":22}},"loc":{"start":{"line":4,"column":41},"end":{"line":22,"column":1}},"line":4},"1":{"name":"(anonymous_1)","decl":{"start":{"line":23,"column":22},"end":{"line":23,"column":23}},"loc":{"start":{"line":23,"column":42},"end":{"line":28,"column":1}},"line":23},"2":{"name":"(anonymous_2)","decl":{"start":{"line":29,"column":26},"end":{"line":29,"column":27}},"loc":{"start":{"line":29,"column":46},"end":{"line":34,"column":1}},"line":29},"3":{"name":"(anonymous_3)","decl":{"start":{"line":36,"column":20},"end":{"line":36,"column":21}},"loc":{"start":{"line":36,"column":38},"end":{"line":43,"column":1}},"line":36},"4":{"name":"(anonymous_4)","decl":{"start":{"line":37,"column":9},"end":{"line":37,"column":10}},"loc":{"start":{"line":37,"column":29},"end":{"line":42,"column":3}},"line":37}},"branchMap":{"0":{"loc":{"start":{"line":7,"column":4},"end":{"line":9,"column":5}},"type":"if","locations":[{"start":{"line":7,"column":4},"end":{"line":9,"column":5}},{"start":{},"end":{}}],"line":7},"1":{"loc":{"start":{"line":7,"column":8},"end":{"line":7,"column":56}},"type":"binary-expr","locations":[{"start":{"line":7,"column":8},"end":{"line":7,"column":19}},{"start":{"line":7,"column":23},"end":{"line":7,"column":56}}],"line":7},"2":{"loc":{"start":{"line":24,"column":2},"end":{"line":26,"column":3}},"type":"if","locations":[{"start":{"line":24,"column":2},"end":{"line":26,"column":3}},{"start":{},"end":{}}],"line":24},"3":{"loc":{"start":{"line":30,"column":2},"end":{"line":32,"column":3}},"type":"if","locations":[{"start":{"line":30,"column":2},"end":{"line":32,"column":3}},{"start":{},"end":{}}],"line":30},"4":{"loc":{"start":{"line":38,"column":4},"end":{"line":40,"column":5}},"type":"if","locations":[{"start":{"line":38,"column":4},"end":{"line":40,"column":5}},{"start":{},"end":{}}],"line":38}},"s":{"0":3,"1":3,"2":19,"3":19,"4":19,"5":6,"6":13,"7":13,"8":13,"9":2,"10":11,"11":11,"12":0,"13":3,"14":3,"15":1,"16":1,"17":3,"18":2,"19":1,"20":1,"21":3,"22":4,"23":4,"24":1,"25":3,"26":3},"f":{"0":19,"1":3,"2":2,"3":4,"4":4},"b":{"0":[6,13],"1":[19,14],"2":[1,1],"3":[1,1],"4":[1,3]},"_coverageSchema":"1a1c01bbd47fc00a2c39e90264f33305004495a9","hash":"8136f1e03fff267c60eed026a558685e9c563bd6"}
,"/home/henry/Documents/Projects/kloudopp-assessment/src/middleware/rateLimiter.js": {"path":"/home/henry/Documents/Projects/kloudopp-assessment/src/middleware/rateLimiter.js","statementMap":{"0":{"start":{"line":1,"column":22},"end":{"line":1,"column":51}},"1":{"start":{"line":3,"column":20},"end":{"line":9,"column":2}},"2":{"start":{"line":12,"column":19},"end":{"line":18,"column":33}},"3":{"start":{"line":21,"column":0},"end":{"line":24,"column":1}}},"fnMap":{},"branchMap":{},"s":{"0":2,"1":2,"2":2,"3":2},"f":{},"b":{},"_coverageSchema":"1a1c01bbd47fc00a2c39e90264f33305004495a9","hash":"019f86bac834ecd249e9827049dc2cc196f27ece"}
,"/home/henry/Documents/Projects/kloudopp-assessment/src/middleware/validator.js": {"path":"/home/henry/Documents/Projects/kloudopp-assessment/src/middleware/validator.js","statementMap":{"0":{"start":{"line":1,"column":33},"end":{"line":1,"column":61}},"1":{"start":{"line":3,"column":31},"end":{"line":9,"column":1}},"2":{"start":{"line":4,"column":17},"end":{"line":4,"column":38}},"3":{"start":{"line":5,"column":2},"end":{"line":7,"column":3}},"4":{"start":{"line":6,"column":4},"end":{"line":6,"column":106}},"5":{"start":{"line":8,"column":2},"end":{"line":8,"column":9}},"6":{"start":{"line":11,"column":26},"end":{"line":32,"column":1}},"7":{"start":{"line":34,"column":24},"end":{"line":44,"column":1}},"8":{"start":{"line":46,"column":39},"end":{"line":52,"column":1}},"9":{"start":{"line":55,"column":32},"end":{"line":59,"column":1}},"10":{"start":{"line":61,"column":32},"end":{"line":66,"column":1}},"11":{"start":{"line":68,"column":0},"end":{"line":74,"column":1}}},"fnMap":{"0":{"name":"(anonymous_0)","decl":{"start":{"line":3,"column":31},"end":{"line":3,"column":32}},"loc":{"start":{"line":3,"column":51},"end":{"line":9,"column":1}},"line":3}},"branchMap":{"0":{"loc":{"start":{"line":5,"column":2},"end":{"line":7,"column":3}},"type":"if","locations":[{"start":{"line":5,"column":2},"end":{"line":7,"column":3}},{"start":{},"end":{}}],"line":5}},"s":{"0":3,"1":3,"2":15,"3":15,"4":6,"5":9,"6":3,"7":3,"8":3,"9":3,"10":3,"11":3},"f":{"0":15},"b":{"0":[6,9]},"_coverageSchema":"1a1c01bbd47fc00a2c39e90264f33305004495a9","hash":"b097611b68f977b3559800e630c11260ea350cca"}
,"/home/henry/Documents/Projects/kloudopp-assessment/src/models/User.js": {"path":"/home/henry/Documents/Projects/kloudopp-assessment/src/models/User.js","statementMap":{"0":{"start":{"line":1,"column":22},"end":{"line":1,"column":42}},"1":{"start":{"line":2,"column":22},"end":{"line":2,"column":51}},"2":{"start":{"line":3,"column":15},"end":{"line":3,"column":34}},"3":{"start":{"line":6,"column":13},"end":{"line":102,"column":2}},"4":{"start":{"line":104,"column":0},"end":{"line":107,"column":2}},"5":{"start":{"line":105,"column":15},"end":{"line":105,"column":39}},"6":{"start":{"line":106,"column":2},"end":{"line":106,"column":37}},"7":{"start":{"line":109,"column":0},"end":{"line":111,"column":2}},"8":{"start":{"line":110,"column":2},"end":{"line":110,"column":53}},"9":{"start":{"line":113,"column":0},"end":{"line":128,"column":2}},"10":{"start":{"line":114,"column":2},"end":{"line":127,"column":4}},"11":{"start":{"line":130,"column":0},"end":{"line":130,"column":22}}},"fnMap":{"0":{"name":"(anonymous_0)","decl":{"start":{"line":104,"column":20},"end":{"line":104,"column":21}},"loc":{"start":{"line":104,"column":46},"end":{"line":107,"column":1}},"line":104},"1":{"name":"(anonymous_1)","decl":{"start":{"line":109,"column":34},"end":{"line":109,"column":35}},"loc":{"start":{"line":109,"column":60},"end":{"line":111,"column":1}},"line":109},"2":{"name":"(anonymous_2)","decl":{"start":{"line":113,"column":34},"end":{"line":113,"column":35}},"loc":{"start":{"line":113,"column":46},"end":{"line":128,"column":1}},"line":113}},"branchMap":{},"s":{"0":5,"1":5,"2":5,"3":5,"4":5,"5":3,"6":3,"7":5,"8":2,"9":5,"10":2,"11":5},"f":{"0":3,"1":2,"2":2},"b":{},"_coverageSchema":"1a1c01bbd47fc00a2c39e90264f33305004495a9","hash":"89e57fa17d0f3472a2597b0e1933f54706360ccf"}
,"/home/henry/Documents/Projects/kloudopp-assessment/src/routes/authRoutes.js": {"path":"/home/henry/Documents/Projects/kloudopp-assessment/src/routes/authRoutes.js","statementMap":{"0":{"start":{"line":1,"column":16},"end":{"line":1,"column":34}},"1":{"start":{"line":2,"column":15},"end":{"line":2,"column":31}},"2":{"start":{"line":3,"column":17},"end":{"line":3,"column":46}},"3":{"start":{"line":4,"column":23},"end":{"line":4,"column":63}},"4":{"start":{"line":5,"column":24},"end":{"line":5,"column":60}},"5":{"start":{"line":6,"column":78},"end":{"line":6,"column":112}},"6":{"start":{"line":7,"column":25},"end":{"line":7,"column":54}},"7":{"start":{"line":9,"column":0},"end":{"line":9,"column":77}},"8":{"start":{"line":10,"column":0},"end":{"line":10,"column":74}},"9":{"start":{"line":11,"column":0},"end":{"line":11,"column":56}},"10":{"start":{"line":12,"column":0},"end":{"line":12,"column":121}},"11":{"start":{"line":13,"column":0},"end":{"line":13,"column":60}},"12":{"start":{"line":14,"column":0},"end":{"line":14,"column":59}},"13":{"start":{"line":15,"column":0},"end":{"line":15,"column":53}},"14":{"start":{"line":16,"column":0},"end":{"line":16,"column":88}},"15":{"start":{"line":17,"column":0},"end":{"line":17,"column":126}},"16":{"start":{"line":20,"column":0},"end":{"line":20,"column":24}}},"fnMap":{},"branchMap":{},"s":{"0":2,"1":2,"2":2,"3":2,"4":2,"5":2,"6":2,"7":2,"8":2,"9":2,"10":2,"11":2,"12":2,"13":2,"14":2,"15":2,"16":2},"f":{},"b":{},"_coverageSchema":"1a1c01bbd47fc00a2c39e90264f33305004495a9","hash":"233684be6a3b4055ada859b8f7707c9542bf7f38"}
,"/home/henry/Documents/Projects/kloudopp-assessment/src/routes/userRoutes.js": {"path":"/home/henry/Documents/Projects/kloudopp-assessment/src/routes/userRoutes.js","statementMap":{"0":{"start":{"line":1,"column":16},"end":{"line":1,"column":34}},"1":{"start":{"line":2,"column":15},"end":{"line":2,"column":31}},"2":{"start":{"line":3,"column":23},"end":{"line":3,"column":63}},"3":{"start":{"line":4,"column":25},"end":{"line":4,"column":54}},"4":{"start":{"line":5,"column":36},"end":{"line":5,"column":70}},"5":{"start":{"line":7,"column":0},"end":{"line":7,"column":59}},"6":{"start":{"line":8,"column":0},"end":{"line":8,"column":92}},"7":{"start":{"line":9,"column":0},"end":{"line":9,"column":74}},"8":{"start":{"line":11,"column":0},"end":{"line":11,"column":24}}},"fnMap":{},"branchMap":{},"s":{"0":2,"1":2,"2":2,"3":2,"4":2,"5":2,"6":2,"7":2,"8":2},"f":{},"b":{},"_coverageSchema":"1a1c01bbd47fc00a2c39e90264f33305004495a9","hash":"03499c2f07f62cb85348ccd48ddc4b60b4d76b03"}
,"/home/henry/Documents/Projects/kloudopp-assessment/src/tests/setup.js": {"path":"/home/henry/Documents/Projects/kloudopp-assessment/src/tests/setup.js","statementMap":{"0":{"start":{"line":3,"column":0},"end":{"line":3,"column":28}},"1":{"start":{"line":6,"column":0},"end":{"line":6,"column":30}},"2":{"start":{"line":7,"column":0},"end":{"line":7,"column":57}},"3":{"start":{"line":8,"column":0},"end":{"line":8,"column":59}},"4":{"start":{"line":9,"column":0},"end":{"line":9,"column":38}},"5":{"start":{"line":10,"column":0},"end":{"line":10,"column":38}},"6":{"start":{"line":13,"column":0},"end":{"line":18,"column":2}}},"fnMap":{},"branchMap":{},"s":{"0":0,"1":0,"2":0,"3":0,"4":0,"5":0,"6":0},"f":{},"b":{}}
,"/home/henry/Documents/Projects/kloudopp-assessment/src/tests/integration/routes/authRoutes.test.js": {"path":"/home/henry/Documents/Projects/kloudopp-assessment/src/tests/integration/routes/authRoutes.test.js","statementMap":{"0":{"start":{"line":2,"column":0},"end":{"line":2,"column":38}},"1":{"start":{"line":3,"column":0},"end":{"line":6,"column":4}},"2":{"start":{"line":3,"column":52},"end":{"line":6,"column":1}},"3":{"start":{"line":8,"column":16},"end":{"line":8,"column":36}},"4":{"start":{"line":9,"column":12},"end":{"line":9,"column":39}},"5":{"start":{"line":10,"column":13},"end":{"line":10,"column":48}},"6":{"start":{"line":11,"column":30},"end":{"line":11,"column":63}},"7":{"start":{"line":12,"column":34},"end":{"line":12,"column":76}},"8":{"start":{"line":14,"column":0},"end":{"line":275,"column":3}},"9":{"start":{"line":15,"column":2},"end":{"line":17,"column":5}},"10":{"start":{"line":16,"column":4},"end":{"line":16,"column":25}},"11":{"start":{"line":19,"column":2},"end":{"line":117,"column":5}},"12":{"start":{"line":20,"column":23},"end":{"line":26,"column":5}},"13":{"start":{"line":28,"column":4},"end":{"line":65,"column":7}},"14":{"start":{"line":29,"column":23},"end":{"line":48,"column":7}},"15":{"start":{"line":50,"column":6},"end":{"line":50,"column":43}},"16":{"start":{"line":51,"column":6},"end":{"line":51,"column":61}},"17":{"start":{"line":52,"column":6},"end":{"line":52,"column":46}},"18":{"start":{"line":53,"column":6},"end":{"line":53,"column":52}},"19":{"start":{"line":55,"column":23},"end":{"line":58,"column":20}},"20":{"start":{"line":60,"column":6},"end":{"line":60,"column":47}},"21":{"start":{"line":61,"column":6},"end":{"line":61,"column":73}},"22":{"start":{"line":62,"column":6},"end":{"line":62,"column":63}},"23":{"start":{"line":63,"column":6},"end":{"line":63,"column":64}},"24":{"start":{"line":64,"column":6},"end":{"line":64,"column":80}},"25":{"start":{"line":67,"column":4},"end":{"line":78,"column":7}},"26":{"start":{"line":68,"column":23},"end":{"line":74,"column":20}},"27":{"start":{"line":76,"column":6},"end":{"line":76,"column":48}},"28":{"start":{"line":77,"column":6},"end":{"line":77,"column":62}},"29":{"start":{"line":80,"column":4},"end":{"line":91,"column":7}},"30":{"start":{"line":81,"column":23},"end":{"line":87,"column":20}},"31":{"start":{"line":89,"column":6},"end":{"line":89,"column":48}},"32":{"start":{"line":90,"column":6},"end":{"line":90,"column":62}},"33":{"start":{"line":93,"column":4},"end":{"line":104,"column":7}},"34":{"start":{"line":94,"column":23},"end":{"line":100,"column":20}},"35":{"start":{"line":102,"column":6},"end":{"line":102,"column":48}},"36":{"start":{"line":103,"column":6},"end":{"line":103,"column":62}},"37":{"start":{"line":106,"column":4},"end":{"line":116,"column":7}},"38":{"start":{"line":107,"column":6},"end":{"line":107,"column":77}},"39":{"start":{"line":109,"column":23},"end":{"line":112,"column":20}},"40":{"start":{"line":114,"column":6},"end":{"line":114,"column":48}},"41":{"start":{"line":115,"column":6},"end":{"line":115,"column":80}},"42":{"start":{"line":119,"column":2},"end":{"line":195,"column":5}},"43":{"start":{"line":120,"column":22},"end":{"line":123,"column":5}},"44":{"start":{"line":125,"column":4},"end":{"line":153,"column":7}},"45":{"start":{"line":126,"column":23},"end":{"line":139,"column":7}},"46":{"start":{"line":141,"column":6},"end":{"line":141,"column":47}},"47":{"start":{"line":143,"column":23},"end":{"line":146,"column":20}},"48":{"start":{"line":148,"column":6},"end":{"line":148,"column":47}},"49":{"start":{"line":149,"column":6},"end":{"line":149,"column":61}},"50":{"start":{"line":150,"column":6},"end":{"line":150,"column":63}},"51":{"start":{"line":151,"column":6},"end":{"line":151,"column":64}},"52":{"start":{"line":152,"column":6},"end":{"line":152,"column":79}},"53":{"start":{"line":155,"column":4},"end":{"line":166,"column":7}},"54":{"start":{"line":156,"column":23},"end":{"line":162,"column":20}},"55":{"start":{"line":164,"column":6},"end":{"line":164,"column":48}},"56":{"start":{"line":165,"column":6},"end":{"line":165,"column":62}},"57":{"start":{"line":168,"column":4},"end":{"line":178,"column":7}},"58":{"start":{"line":169,"column":6},"end":{"line":169,"column":43}},"59":{"start":{"line":171,"column":23},"end":{"line":174,"column":20}},"60":{"start":{"line":176,"column":6},"end":{"line":176,"column":48}},"61":{"start":{"line":177,"column":6},"end":{"line":177,"column":70}},"62":{"start":{"line":180,"column":4},"end":{"line":194,"column":7}},"63":{"start":{"line":181,"column":23},"end":{"line":183,"column":7}},"64":{"start":{"line":185,"column":6},"end":{"line":185,"column":47}},"65":{"start":{"line":187,"column":23},"end":{"line":190,"column":20}},"66":{"start":{"line":192,"column":6},"end":{"line":192,"column":48}},"67":{"start":{"line":193,"column":6},"end":{"line":193,"column":61}},"68":{"start":{"line":197,"column":2},"end":{"line":243,"column":5}},"69":{"start":{"line":198,"column":4},"end":{"line":222,"column":7}},"70":{"start":{"line":199,"column":23},"end":{"line":203,"column":7}},"71":{"start":{"line":206,"column":21},"end":{"line":206,"column":100}},"72":{"start":{"line":208,"column":6},"end":{"line":211,"column":9}},"73":{"start":{"line":213,"column":23},"end":{"line":216,"column":20}},"74":{"start":{"line":218,"column":6},"end":{"line":218,"column":47}},"75":{"start":{"line":219,"column":6},"end":{"line":219,"column":73}},"76":{"start":{"line":220,"column":6},"end":{"line":220,"column":63}},"77":{"start":{"line":221,"column":6},"end":{"line":221,"column":64}},"78":{"start":{"line":224,"column":4},"end":{"line":232,"column":7}},"79":{"start":{"line":225,"column":23},"end":{"line":228,"column":20}},"80":{"start":{"line":230,"column":6},"end":{"line":230,"column":48}},"81":{"start":{"line":231,"column":6},"end":{"line":231,"column":70}},"82":{"start":{"line":234,"column":4},"end":{"line":242,"column":7}},"83":{"start":{"line":235,"column":23},"end":{"line":238,"column":20}},"84":{"start":{"line":240,"column":6},"end":{"line":240,"column":48}},"85":{"start":{"line":241,"column":6},"end":{"line":241,"column":68}},"86":{"start":{"line":245,"column":2},"end":{"line":274,"column":5}},"87":{"start":{"line":246,"column":4},"end":{"line":264,"column":7}},"88":{"start":{"line":247,"column":23},"end":{"line":251,"column":7}},"89":{"start":{"line":253,"column":6},"end":{"line":253,"column":48}},"90":{"start":{"line":255,"column":21},"end":{"line":255,"column":100}},"91":{"start":{"line":257,"column":23},"end":{"line":260,"column":20}},"92":{"start":{"line":262,"column":6},"end":{"line":262,"column":47}},"93":{"start":{"line":263,"column":6},"end":{"line":263,"column":62}},"94":{"start":{"line":266,"column":4},"end":{"line":273,"column":7}},"95":{"start":{"line":267,"column":23},"end":{"line":269,"column":20}},"96":{"start":{"line":271,"column":6},"end":{"line":271,"column":48}},"97":{"start":{"line":272,"column":6},"end":{"line":272,"column":67}}},"fnMap":{"0":{"name":"(anonymous_0)","decl":{"start":{"line":3,"column":45},"end":{"line":3,"column":46}},"loc":{"start":{"line":3,"column":52},"end":{"line":6,"column":1}},"line":3},"1":{"name":"(anonymous_1)","decl":{"start":{"line":14,"column":42},"end":{"line":14,"column":43}},"loc":{"start":{"line":14,"column":48},"end":{"line":275,"column":1}},"line":14},"2":{"name":"(anonymous_2)","decl":{"start":{"line":15,"column":13},"end":{"line":15,"column":14}},"loc":{"start":{"line":15,"column":19},"end":{"line":17,"column":3}},"line":15},"3":{"name":"(anonymous_3)","decl":{"start":{"line":19,"column":36},"end":{"line":19,"column":37}},"loc":{"start":{"line":19,"column":42},"end":{"line":117,"column":3}},"line":19},"4":{"name":"(anonymous_4)","decl":{"start":{"line":28,"column":50},"end":{"line":28,"column":51}},"loc":{"start":{"line":28,"column":62},"end":{"line":65,"column":5}},"line":28},"5":{"name":"(anonymous_5)","decl":{"start":{"line":67,"column":59},"end":{"line":67,"column":60}},"loc":{"start":{"line":67,"column":71},"end":{"line":78,"column":5}},"line":67},"6":{"name":"(anonymous_6)","decl":{"start":{"line":80,"column":59},"end":{"line":80,"column":60}},"loc":{"start":{"line":80,"column":71},"end":{"line":91,"column":5}},"line":80},"7":{"name":"(anonymous_7)","decl":{"start":{"line":93,"column":62},"end":{"line":93,"column":63}},"loc":{"start":{"line":93,"column":74},"end":{"line":104,"column":5}},"line":93},"8":{"name":"(anonymous_8)","decl":{"start":{"line":106,"column":53},"end":{"line":106,"column":54}},"loc":{"start":{"line":106,"column":65},"end":{"line":116,"column":5}},"line":106},"9":{"name":"(anonymous_9)","decl":{"start":{"line":119,"column":35},"end":{"line":119,"column":36}},"loc":{"start":{"line":119,"column":41},"end":{"line":195,"column":3}},"line":119},"10":{"name":"(anonymous_10)","decl":{"start":{"line":125,"column":43},"end":{"line":125,"column":44}},"loc":{"start":{"line":125,"column":55},"end":{"line":153,"column":5}},"line":125},"11":{"name":"(anonymous_11)","decl":{"start":{"line":155,"column":59},"end":{"line":155,"column":60}},"loc":{"start":{"line":155,"column":71},"end":{"line":166,"column":5}},"line":155},"12":{"name":"(anonymous_12)","decl":{"start":{"line":168,"column":54},"end":{"line":168,"column":55}},"loc":{"start":{"line":168,"column":66},"end":{"line":178,"column":5}},"line":168},"13":{"name":"(anonymous_13)","decl":{"start":{"line":180,"column":54},"end":{"line":180,"column":55}},"loc":{"start":{"line":180,"column":66},"end":{"line":194,"column":5}},"line":180},"14":{"name":"(anonymous_14)","decl":{"start":{"line":197,"column":37},"end":{"line":197,"column":38}},"loc":{"start":{"line":197,"column":43},"end":{"line":243,"column":3}},"line":197},"15":{"name":"(anonymous_15)","decl":{"start":{"line":198,"column":45},"end":{"line":198,"column":46}},"loc":{"start":{"line":198,"column":57},"end":{"line":222,"column":5}},"line":198},"16":{"name":"(anonymous_16)","decl":{"start":{"line":224,"column":58},"end":{"line":224,"column":59}},"loc":{"start":{"line":224,"column":70},"end":{"line":232,"column":5}},"line":224},"17":{"name":"(anonymous_17)","decl":{"start":{"line":234,"column":56},"end":{"line":234,"column":57}},"loc":{"start":{"line":234,"column":68},"end":{"line":242,"column":5}},"line":234},"18":{"name":"(anonymous_18)","decl":{"start":{"line":245,"column":36},"end":{"line":245,"column":37}},"loc":{"start":{"line":245,"column":42},"end":{"line":274,"column":3}},"line":245},"19":{"name":"(anonymous_19)","decl":{"start":{"line":246,"column":42},"end":{"line":246,"column":43}},"loc":{"start":{"line":246,"column":54},"end":{"line":264,"column":5}},"line":246},"20":{"name":"(anonymous_20)","decl":{"start":{"line":266,"column":51},"end":{"line":266,"column":52}},"loc":{"start":{"line":266,"column":63},"end":{"line":273,"column":5}},"line":266}},"branchMap":{},"s":{"0":0,"1":0,"2":0,"3":0,"4":0,"5":0,"6":0,"7":0,"8":0,"9":0,"10":0,"11":0,"12":0,"13":0,"14":0,"15":0,"16":0,"17":0,"18":0,"19":0,"20":0,"21":0,"22":0,"23":0,"24":0,"25":0,"26":0,"27":0,"28":0,"29":0,"30":0,"31":0,"32":0,"33":0,"34":0,"35":0,"36":0,"37":0,"38":0,"39":0,"40":0,"41":0,"42":0,"43":0,"44":0,"45":0,"46":0,"47":0,"48":0,"49":0,"50":0,"51":0,"52":0,"53":0,"54":0,"55":0,"56":0,"57":0,"58":0,"59":0,"60":0,"61":0,"62":0,"63":0,"64":0,"65":0,"66":0,"67":0,"68":0,"69":0,"70":0,"71":0,"72":0,"73":0,"74":0,"75":0,"76":0,"77":0,"78":0,"79":0,"80":0,"81":0,"82":0,"83":0,"84":0,"85":0,"86":0,"87":0,"88":0,"89":0,"90":0,"91":0,"92":0,"93":0,"94":0,"95":0,"96":0,"97":0},"f":{"0":0,"1":0,"2":0,"3":0,"4":0,"5":0,"6":0,"7":0,"8":0,"9":0,"10":0,"11":0,"12":0,"13":0,"14":0,"15":0,"16":0,"17":0,"18":0,"19":0,"20":0},"b":{}}
,"/home/henry/Documents/Projects/kloudopp-assessment/src/tests/integration/routes/userRoutes.test.js": {"path":"/home/henry/Documents/Projects/kloudopp-assessment/src/tests/integration/routes/userRoutes.test.js","statementMap":{"0":{"start":{"line":2,"column":0},"end":{"line":2,"column":38}},"1":{"start":{"line":4,"column":16},"end":{"line":4,"column":36}},"2":{"start":{"line":5,"column":12},"end":{"line":5,"column":39}},"3":{"start":{"line":6,"column":13},"end":{"line":6,"column":48}},"4":{"start":{"line":7,"column":30},"end":{"line":7,"column":63}},"5":{"start":{"line":9,"column":0},"end":{"line":223,"column":3}},"6":{"start":{"line":13,"column":2},"end":{"line":44,"column":5}},"7":{"start":{"line":14,"column":4},"end":{"line":14,"column":25}},"8":{"start":{"line":16,"column":4},"end":{"line":36,"column":6}},"9":{"start":{"line":38,"column":19},"end":{"line":42,"column":6}},"10":{"start":{"line":43,"column":4},"end":{"line":43,"column":35}},"11":{"start":{"line":46,"column":2},"end":{"line":91,"column":5}},"12":{"start":{"line":47,"column":4},"end":{"line":59,"column":7}},"13":{"start":{"line":48,"column":6},"end":{"line":48,"column":48}},"14":{"start":{"line":50,"column":23},"end":{"line":53,"column":20}},"15":{"start":{"line":55,"column":6},"end":{"line":55,"column":47}},"16":{"start":{"line":56,"column":6},"end":{"line":56,"column":82}},"17":{"start":{"line":57,"column":6},"end":{"line":57,"column":74}},"18":{"start":{"line":58,"column":6},"end":{"line":58,"column":56}},"19":{"start":{"line":61,"column":4},"end":{"line":68,"column":7}},"20":{"start":{"line":62,"column":23},"end":{"line":64,"column":20}},"21":{"start":{"line":66,"column":6},"end":{"line":66,"column":48}},"22":{"start":{"line":67,"column":6},"end":{"line":67,"column":67}},"23":{"start":{"line":70,"column":4},"end":{"line":78,"column":7}},"24":{"start":{"line":71,"column":23},"end":{"line":74,"column":20}},"25":{"start":{"line":76,"column":6},"end":{"line":76,"column":48}},"26":{"start":{"line":77,"column":6},"end":{"line":77,"column":74}},"27":{"start":{"line":80,"column":4},"end":{"line":90,"column":7}},"28":{"start":{"line":81,"column":6},"end":{"line":81,"column":44}},"29":{"start":{"line":83,"column":23},"end":{"line":86,"column":20}},"30":{"start":{"line":88,"column":6},"end":{"line":88,"column":48}},"31":{"start":{"line":89,"column":6},"end":{"line":89,"column":59}},"32":{"start":{"line":93,"column":2},"end":{"line":185,"column":5}},"33":{"start":{"line":94,"column":4},"end":{"line":124,"column":7}},"34":{"start":{"line":95,"column":26},"end":{"line":106,"column":7}},"35":{"start":{"line":108,"column":6},"end":{"line":108,"column":51}},"36":{"start":{"line":110,"column":23},"end":{"line":117,"column":20}},"37":{"start":{"line":119,"column":6},"end":{"line":119,"column":47}},"38":{"start":{"line":120,"column":6},"end":{"line":120,"column":73}},"39":{"start":{"line":121,"column":6},"end":{"line":121,"column":61}},"40":{"start":{"line":122,"column":6},"end":{"line":122,"column":61}},"41":{"start":{"line":123,"column":6},"end":{"line":123,"column":50}},"42":{"start":{"line":126,"column":4},"end":{"line":149,"column":7}},"43":{"start":{"line":127,"column":26},"end":{"line":135,"column":7}},"44":{"start":{"line":137,"column":6},"end":{"line":137,"column":51}},"45":{"start":{"line":139,"column":23},"end":{"line":145,"column":20}},"46":{"start":{"line":147,"column":6},"end":{"line":147,"column":47}},"47":{"start":{"line":148,"column":6},"end":{"line":148,"column":89}},"48":{"start":{"line":151,"column":4},"end":{"line":158,"column":7}},"49":{"start":{"line":152,"column":23},"end":{"line":155,"column":20}},"50":{"start":{"line":157,"column":6},"end":{"line":157,"column":48}},"51":{"start":{"line":160,"column":4},"end":{"line":171,"column":7}},"52":{"start":{"line":161,"column":23},"end":{"line":167,"column":20}},"53":{"start":{"line":169,"column":6},"end":{"line":169,"column":48}},"54":{"start":{"line":170,"column":6},"end":{"line":170,"column":62}},"55":{"start":{"line":173,"column":4},"end":{"line":184,"column":7}},"56":{"start":{"line":174,"column":6},"end":{"line":174,"column":44}},"57":{"start":{"line":176,"column":23},"end":{"line":180,"column":20}},"58":{"start":{"line":182,"column":6},"end":{"line":182,"column":48}},"59":{"start":{"line":183,"column":6},"end":{"line":183,"column":59}},"60":{"start":{"line":187,"column":2},"end":{"line":222,"column":5}},"61":{"start":{"line":188,"column":4},"end":{"line":201,"column":7}},"62":{"start":{"line":189,"column":6},"end":{"line":189,"column":48}},"63":{"start":{"line":191,"column":23},"end":{"line":194,"column":20}},"64":{"start":{"line":196,"column":6},"end":{"line":196,"column":47}},"65":{"start":{"line":197,"column":6},"end":{"line":197,"column":77}},"66":{"start":{"line":198,"column":6},"end":{"line":198,"column":44}},"67":{"start":{"line":199,"column":6},"end":{"line":199,"column":47}},"68":{"start":{"line":200,"column":6},"end":{"line":200,"column":47}},"69":{"start":{"line":203,"column":4},"end":{"line":209,"column":7}},"70":{"start":{"line":204,"column":23},"end":{"line":206,"column":20}},"71":{"start":{"line":208,"column":6},"end":{"line":208,"column":48}},"72":{"start":{"line":211,"column":4},"end":{"line":221,"column":7}},"73":{"start":{"line":212,"column":6},"end":{"line":212,"column":44}},"74":{"start":{"line":214,"column":23},"end":{"line":217,"column":20}},"75":{"start":{"line":219,"column":6},"end":{"line":219,"column":48}},"76":{"start":{"line":220,"column":6},"end":{"line":220,"column":59}}},"fnMap":{"0":{"name":"(anonymous_0)","decl":{"start":{"line":9,"column":42},"end":{"line":9,"column":43}},"loc":{"start":{"line":9,"column":48},"end":{"line":223,"column":1}},"line":9},"1":{"name":"(anonymous_1)","decl":{"start":{"line":13,"column":13},"end":{"line":13,"column":14}},"loc":{"start":{"line":13,"column":19},"end":{"line":44,"column":3}},"line":13},"2":{"name":"(anonymous_2)","decl":{"start":{"line":46,"column":32},"end":{"line":46,"column":33}},"loc":{"start":{"line":46,"column":38},"end":{"line":91,"column":3}},"line":46},"3":{"name":"(anonymous_3)","decl":{"start":{"line":47,"column":51},"end":{"line":47,"column":52}},"loc":{"start":{"line":47,"column":63},"end":{"line":59,"column":5}},"line":47},"4":{"name":"(anonymous_4)","decl":{"start":{"line":61,"column":57},"end":{"line":61,"column":58}},"loc":{"start":{"line":61,"column":69},"end":{"line":68,"column":5}},"line":61},"5":{"name":"(anonymous_5)","decl":{"start":{"line":70,"column":47},"end":{"line":70,"column":48}},"loc":{"start":{"line":70,"column":59},"end":{"line":78,"column":5}},"line":70},"6":{"name":"(anonymous_6)","decl":{"start":{"line":80,"column":46},"end":{"line":80,"column":47}},"loc":{"start":{"line":80,"column":58},"end":{"line":90,"column":5}},"line":80},"7":{"name":"(anonymous_7)","decl":{"start":{"line":93,"column":37},"end":{"line":93,"column":38}},"loc":{"start":{"line":93,"column":43},"end":{"line":185,"column":3}},"line":93},"8":{"name":"(anonymous_8)","decl":{"start":{"line":94,"column":37},"end":{"line":94,"column":38}},"loc":{"start":{"line":94,"column":49},"end":{"line":124,"column":5}},"line":94},"9":{"name":"(anonymous_9)","decl":{"start":{"line":126,"column":40},"end":{"line":126,"column":41}},"loc":{"start":{"line":126,"column":52},"end":{"line":149,"column":5}},"line":126},"10":{"name":"(anonymous_10)","decl":{"start":{"line":151,"column":51},"end":{"line":151,"column":52}},"loc":{"start":{"line":151,"column":63},"end":{"line":158,"column":5}},"line":151},"11":{"name":"(anonymous_11)","decl":{"start":{"line":160,"column":58},"end":{"line":160,"column":59}},"loc":{"start":{"line":160,"column":70},"end":{"line":171,"column":5}},"line":160},"12":{"name":"(anonymous_12)","decl":{"start":{"line":173,"column":46},"end":{"line":173,"column":47}},"loc":{"start":{"line":173,"column":58},"end":{"line":184,"column":5}},"line":173},"13":{"name":"(anonymous_13)","decl":{"start":{"line":187,"column":40},"end":{"line":187,"column":41}},"loc":{"start":{"line":187,"column":46},"end":{"line":222,"column":3}},"line":187},"14":{"name":"(anonymous_14)","decl":{"start":{"line":188,"column":41},"end":{"line":188,"column":42}},"loc":{"start":{"line":188,"column":53},"end":{"line":201,"column":5}},"line":188},"15":{"name":"(anonymous_15)","decl":{"start":{"line":203,"column":51},"end":{"line":203,"column":52}},"loc":{"start":{"line":203,"column":63},"end":{"line":209,"column":5}},"line":203},"16":{"name":"(anonymous_16)","decl":{"start":{"line":211,"column":46},"end":{"line":211,"column":47}},"loc":{"start":{"line":211,"column":58},"end":{"line":221,"column":5}},"line":211}},"branchMap":{},"s":{"0":0,"1":0,"2":0,"3":0,"4":0,"5":0,"6":0,"7":0,"8":0,"9":0,"10":0,"11":0,"12":0,"13":0,"14":0,"15":0,"16":0,"17":0,"18":0,"19":0,"20":0,"21":0,"22":0,"23":0,"24":0,"25":0,"26":0,"27":0,"28":0,"29":0,"30":0,"31":0,"32":0,"33":0,"34":0,"35":0,"36":0,"37":0,"38":0,"39":0,"40":0,"41":0,"42":0,"43":0,"44":0,"45":0,"46":0,"47":0,"48":0,"49":0,"50":0,"51":0,"52":0,"53":0,"54":0,"55":0,"56":0,"57":0,"58":0,"59":0,"60":0,"61":0,"62":0,"63":0,"64":0,"65":0,"66":0,"67":0,"68":0,"69":0,"70":0,"71":0,"72":0,"73":0,"74":0,"75":0,"76":0},"f":{"0":0,"1":0,"2":0,"3":0,"4":0,"5":0,"6":0,"7":0,"8":0,"9":0,"10":0,"11":0,"12":0,"13":0,"14":0,"15":0,"16":0},"b":{}}
,"/home/henry/Documents/Projects/kloudopp-assessment/src/tests/unit/controllers/authController.test.js": {"path":"/home/henry/Documents/Projects/kloudopp-assessment/src/tests/unit/controllers/authController.test.js","statementMap":{"0":{"start":{"line":2,"column":0},"end":{"line":2,"column":38}},"1":{"start":{"line":3,"column":0},"end":{"line":3,"column":36}},"2":{"start":{"line":4,"column":0},"end":{"line":7,"column":4}},"3":{"start":{"line":4,"column":52},"end":{"line":7,"column":1}},"4":{"start":{"line":8,"column":0},"end":{"line":8,"column":20}},"5":{"start":{"line":10,"column":13},"end":{"line":10,"column":48}},"6":{"start":{"line":11,"column":50},"end":{"line":11,"column":83}},"7":{"start":{"line":12,"column":58},"end":{"line":12,"column":100}},"8":{"start":{"line":13,"column":23},"end":{"line":13,"column":73}},"9":{"start":{"line":14,"column":15},"end":{"line":14,"column":32}},"10":{"start":{"line":16,"column":0},"end":{"line":398,"column":3}},"11":{"start":{"line":19,"column":2},"end":{"line":29,"column":5}},"12":{"start":{"line":20,"column":4},"end":{"line":23,"column":6}},"13":{"start":{"line":24,"column":4},"end":{"line":27,"column":6}},"14":{"start":{"line":28,"column":4},"end":{"line":28,"column":25}},"15":{"start":{"line":31,"column":2},"end":{"line":148,"column":5}},"16":{"start":{"line":32,"column":23},"end":{"line":38,"column":5}},"17":{"start":{"line":40,"column":4},"end":{"line":85,"column":7}},"18":{"start":{"line":41,"column":6},"end":{"line":41,"column":28}},"19":{"start":{"line":43,"column":23},"end":{"line":60,"column":7}},"20":{"start":{"line":62,"column":6},"end":{"line":62,"column":43}},"21":{"start":{"line":63,"column":6},"end":{"line":63,"column":61}},"22":{"start":{"line":64,"column":6},"end":{"line":64,"column":83}},"23":{"start":{"line":64,"column":59},"end":{"line":64,"column":79}},"24":{"start":{"line":65,"column":6},"end":{"line":65,"column":46}},"25":{"start":{"line":66,"column":6},"end":{"line":66,"column":52}},"26":{"start":{"line":67,"column":6},"end":{"line":70,"column":9}},"27":{"start":{"line":72,"column":6},"end":{"line":72,"column":44}},"28":{"start":{"line":74,"column":6},"end":{"line":74,"column":88}},"29":{"start":{"line":75,"column":6},"end":{"line":75,"column":74}},"30":{"start":{"line":76,"column":6},"end":{"line":76,"column":45}},"31":{"start":{"line":77,"column":6},"end":{"line":77,"column":55}},"32":{"start":{"line":78,"column":6},"end":{"line":78,"column":51}},"33":{"start":{"line":79,"column":6},"end":{"line":84,"column":8}},"34":{"start":{"line":87,"column":4},"end":{"line":99,"column":7}},"35":{"start":{"line":88,"column":6},"end":{"line":88,"column":28}},"36":{"start":{"line":90,"column":6},"end":{"line":90,"column":77}},"37":{"start":{"line":92,"column":6},"end":{"line":92,"column":44}},"38":{"start":{"line":94,"column":6},"end":{"line":94,"column":51}},"39":{"start":{"line":95,"column":6},"end":{"line":98,"column":9}},"40":{"start":{"line":101,"column":4},"end":{"line":131,"column":7}},"41":{"start":{"line":102,"column":6},"end":{"line":102,"column":28}},"42":{"start":{"line":104,"column":23},"end":{"line":110,"column":7}},"43":{"start":{"line":112,"column":6},"end":{"line":112,"column":43}},"44":{"start":{"line":113,"column":6},"end":{"line":113,"column":61}},"45":{"start":{"line":114,"column":6},"end":{"line":114,"column":83}},"46":{"start":{"line":114,"column":59},"end":{"line":114,"column":79}},"47":{"start":{"line":115,"column":6},"end":{"line":115,"column":46}},"48":{"start":{"line":116,"column":6},"end":{"line":116,"column":80}},"49":{"start":{"line":117,"column":6},"end":{"line":120,"column":9}},"50":{"start":{"line":122,"column":6},"end":{"line":122,"column":44}},"51":{"start":{"line":124,"column":6},"end":{"line":124,"column":51}},"52":{"start":{"line":125,"column":6},"end":{"line":130,"column":8}},"53":{"start":{"line":133,"column":4},"end":{"line":147,"column":7}},"54":{"start":{"line":134,"column":6},"end":{"line":134,"column":28}},"55":{"start":{"line":136,"column":6},"end":{"line":136,"column":66}},"56":{"start":{"line":138,"column":6},"end":{"line":138,"column":44}},"57":{"start":{"line":140,"column":6},"end":{"line":140,"column":51}},"58":{"start":{"line":141,"column":6},"end":{"line":146,"column":8}},"59":{"start":{"line":150,"column":2},"end":{"line":258,"column":5}},"60":{"start":{"line":151,"column":22},"end":{"line":154,"column":5}},"61":{"start":{"line":156,"column":4},"end":{"line":190,"column":7}},"62":{"start":{"line":157,"column":6},"end":{"line":157,"column":27}},"63":{"start":{"line":159,"column":23},"end":{"line":171,"column":7}},"64":{"start":{"line":173,"column":6},"end":{"line":173,"column":47}},"65":{"start":{"line":174,"column":6},"end":{"line":177,"column":9}},"66":{"start":{"line":179,"column":6},"end":{"line":179,"column":43}},"67":{"start":{"line":181,"column":6},"end":{"line":181,"column":87}},"68":{"start":{"line":182,"column":6},"end":{"line":182,"column":81}},"69":{"start":{"line":183,"column":6},"end":{"line":183,"column":47}},"70":{"start":{"line":184,"column":6},"end":{"line":189,"column":8}},"71":{"start":{"line":192,"column":4},"end":{"line":204,"column":7}},"72":{"start":{"line":193,"column":6},"end":{"line":193,"column":27}},"73":{"start":{"line":195,"column":6},"end":{"line":195,"column":43}},"74":{"start":{"line":197,"column":6},"end":{"line":197,"column":43}},"75":{"start":{"line":199,"column":6},"end":{"line":199,"column":51}},"76":{"start":{"line":200,"column":6},"end":{"line":203,"column":9}},"77":{"start":{"line":206,"column":4},"end":{"line":222,"column":7}},"78":{"start":{"line":207,"column":6},"end":{"line":207,"column":27}},"79":{"start":{"line":209,"column":23},"end":{"line":211,"column":7}},"80":{"start":{"line":213,"column":6},"end":{"line":213,"column":47}},"81":{"start":{"line":215,"column":6},"end":{"line":215,"column":43}},"82":{"start":{"line":217,"column":6},"end":{"line":217,"column":51}},"83":{"start":{"line":218,"column":6},"end":{"line":221,"column":9}},"84":{"start":{"line":224,"column":4},"end":{"line":241,"column":7}},"85":{"start":{"line":225,"column":6},"end":{"line":225,"column":27}},"86":{"start":{"line":227,"column":23},"end":{"line":230,"column":7}},"87":{"start":{"line":232,"column":6},"end":{"line":232,"column":47}},"88":{"start":{"line":234,"column":6},"end":{"line":234,"column":43}},"89":{"start":{"line":236,"column":6},"end":{"line":236,"column":51}},"90":{"start":{"line":237,"column":6},"end":{"line":240,"column":9}},"91":{"start":{"line":243,"column":4},"end":{"line":257,"column":7}},"92":{"start":{"line":244,"column":6},"end":{"line":244,"column":27}},"93":{"start":{"line":246,"column":6},"end":{"line":246,"column":66}},"94":{"start":{"line":248,"column":6},"end":{"line":248,"column":43}},"95":{"start":{"line":250,"column":6},"end":{"line":250,"column":51}},"96":{"start":{"line":251,"column":6},"end":{"line":256,"column":8}},"97":{"start":{"line":260,"column":2},"end":{"line":357,"column":5}},"98":{"start":{"line":261,"column":4},"end":{"line":294,"column":7}},"99":{"start":{"line":262,"column":6},"end":{"line":262,"column":55}},"100":{"start":{"line":264,"column":26},"end":{"line":268,"column":7}},"101":{"start":{"line":270,"column":23},"end":{"line":274,"column":7}},"102":{"start":{"line":276,"column":6},"end":{"line":276,"column":54}},"103":{"start":{"line":277,"column":6},"end":{"line":277,"column":48}},"104":{"start":{"line":278,"column":6},"end":{"line":281,"column":9}},"105":{"start":{"line":283,"column":6},"end":{"line":283,"column":50}},"106":{"start":{"line":285,"column":6},"end":{"line":285,"column":75}},"107":{"start":{"line":286,"column":6},"end":{"line":286,"column":56}},"108":{"start":{"line":287,"column":6},"end":{"line":287,"column":47}},"109":{"start":{"line":288,"colum
[...]
,"/home/henry/Documents/Projects/kloudopp-assessment/src/tests/unit/utils/jwt.test.js": {"path":"/home/henry/Documents/Projects/kloudopp-assessment/src/tests/unit/utils/jwt.test.js","statementMap":{"0":{"start":{"line":1,"column":12},"end":{"line":1,"column":35}},"1":{"start":{"line":8,"column":4},"end":{"line":8,"column":37}},"2":{"start":{"line":11,"column":0},"end":{"line":11,"column":53}},"3":{"start":{"line":12,"column":0},"end":{"line":12,"column":55}},"4":{"start":{"line":13,"column":0},"end":{"line":13,"column":38}},"5":{"start":{"line":14,"column":0},"end":{"line":14,"column":38}},"6":{"start":{"line":16,"column":0},"end":{"line":176,"column":3}},"7":{"start":{"line":17,"column":22},"end":{"line":21,"column":3}},"8":{"start":{"line":23,"column":2},"end":{"line":44,"column":5}},"9":{"start":{"line":24,"column":4},"end":{"line":34,"column":7}},"10":{"start":{"line":25,"column":20},"end":{"line":25,"column":52}},"11":{"start":{"line":27,"column":6},"end":{"line":27,"column":34}},"12":{"start":{"line":28,"column":6},"end":{"line":28,"column":42}},"13":{"start":{"line":30,"column":22},"end":{"line":30,"column":70}},"14":{"start":{"line":31,"column":6},"end":{"line":31,"column":46}},"15":{"start":{"line":32,"column":6},"end":{"line":32,"column":52}},"16":{"start":{"line":33,"column":6},"end":{"line":33,"column":58}},"17":{"start":{"line":36,"column":4},"end":{"line":43,"column":7}},"18":{"start":{"line":37,"column":20},"end":{"line":37,"column":52}},"19":{"start":{"line":38,"column":22},"end":{"line":38,"column":70}},"20":{"start":{"line":40,"column":6},"end":{"line":40,"column":40}},"21":{"start":{"line":41,"column":6},"end":{"line":41,"column":40}},"22":{"start":{"line":42,"column":6},"end":{"line":42,"column":54}},"23":{"start":{"line":46,"column":2},"end":{"line":67,"column":5}},"24":{"start":{"line":47,"column":4},"end":{"line":57,"column":7}},"25":{"start":{"line":48,"column":20},"end":{"line":48,"column":53}},"26":{"start":{"line":50,"column":6},"end":{"line":50,"column":34}},"27":{"start":{"line":51,"column":6},"end":{"line":51,"column":42}},"28":{"start":{"line":53,"column":22},"end":{"line":53,"column":71}},"29":{"start":{"line":54,"column":6},"end":{"line":54,"column":46}},"30":{"start":{"line":55,"column":6},"end":{"line":55,"column":52}},"31":{"start":{"line":56,"column":6},"end":{"line":56,"column":58}},"32":{"start":{"line":59,"column":4},"end":{"line":66,"column":7}},"33":{"start":{"line":60,"column":20},"end":{"line":60,"column":53}},"34":{"start":{"line":61,"column":22},"end":{"line":61,"column":71}},"35":{"start":{"line":63,"column":6},"end":{"line":63,"column":40}},"36":{"start":{"line":64,"column":6},"end":{"line":64,"column":40}},"37":{"start":{"line":65,"column":6},"end":{"line":65,"column":63}},"38":{"start":{"line":69,"column":2},"end":{"line":104,"column":5}},"39":{"start":{"line":70,"column":4},"end":{"line":77,"column":7}},"40":{"start":{"line":71,"column":20},"end":{"line":71,"column":52}},"41":{"start":{"line":72,"column":22},"end":{"line":72,"column":46}},"42":{"start":{"line":74,"column":6},"end":{"line":74,"column":46}},"43":{"start":{"line":75,"column":6},"end":{"line":75,"column":52}},"44":{"start":{"line":76,"column":6},"end":{"line":76,"column":58}},"45":{"start":{"line":79,"column":4},"end":{"line":83,"column":7}},"46":{"start":{"line":80,"column":6},"end":{"line":82,"column":52}},"47":{"start":{"line":81,"column":8},"end":{"line":81,"column":48}},"48":{"start":{"line":85,"column":4},"end":{"line":95,"column":7}},"49":{"start":{"line":86,"column":27},"end":{"line":90,"column":7}},"50":{"start":{"line":92,"column":6},"end":{"line":94,"column":52}},"51":{"start":{"line":93,"column":8},"end":{"line":93,"column":40}},"52":{"start":{"line":97,"column":4},"end":{"line":103,"column":7}},"53":{"start":{"line":98,"column":25},"end":{"line":98,"column":84}},"54":{"start":{"line":100,"column":6},"end":{"line":102,"column":52}},"55":{"start":{"line":101,"column":8},"end":{"line":101,"column":38}},"56":{"start":{"line":106,"column":2},"end":{"line":133,"column":5}},"57":{"start":{"line":107,"column":4},"end":{"line":114,"column":7}},"58":{"start":{"line":108,"column":20},"end":{"line":108,"column":53}},"59":{"start":{"line":109,"column":22},"end":{"line":109,"column":47}},"60":{"start":{"line":111,"column":6},"end":{"line":111,"column":46}},"61":{"start":{"line":112,"column":6},"end":{"line":112,"column":52}},"62":{"start":{"line":113,"column":6},"end":{"line":113,"column":58}},"63":{"start":{"line":116,"column":4},"end":{"line":120,"column":7}},"64":{"start":{"line":117,"column":6},"end":{"line":119,"column":53}},"65":{"start":{"line":118,"column":8},"end":{"line":118,"column":49}},"66":{"start":{"line":122,"column":4},"end":{"line":132,"column":7}},"67":{"start":{"line":123,"column":27},"end":{"line":127,"column":7}},"68":{"start":{"line":129,"column":6},"end":{"line":131,"column":53}},"69":{"start":{"line":130,"column":8},"end":{"line":130,"column":41}},"70":{"start":{"line":135,"column":2},"end":{"line":175,"column":5}},"71":{"start":{"line":136,"column":21},"end":{"line":140,"column":5}},"72":{"start":{"line":142,"column":4},"end":{"line":149,"column":7}},"73":{"start":{"line":143,"column":21},"end":{"line":143,"column":48}},"74":{"start":{"line":145,"column":6},"end":{"line":145,"column":51}},"75":{"start":{"line":146,"column":6},"end":{"line":146,"column":52}},"76":{"start":{"line":147,"column":6},"end":{"line":147,"column":55}},"77":{"start":{"line":148,"column":6},"end":{"line":148,"column":56}},"78":{"start":{"line":151,"column":4},"end":{"line":164,"column":7}},"79":{"start":{"line":152,"column":21},"end":{"line":152,"column":48}},"80":{"start":{"line":154,"column":28},"end":{"line":154,"column":89}},"81":{"start":{"line":155,"column":29},"end":{"line":155,"column":92}},"82":{"start":{"line":157,"column":6},"end":{"line":157,"column":49}},"83":{"start":{"line":158,"column":6},"end":{"line":158,"column":55}},"84":{"start":{"line":159,"column":6},"end":{"line":159,"column":61}},"85":{"start":{"line":161,"column":6},"end":{"line":161,"column":50}},"86":{"start":{"line":162,"column":6},"end":{"line":162,"column":56}},"87":{"start":{"line":163,"column":6},"end":{"line":163,"column":62}},"88":{"start":{"line":166,"column":4},"end":{"line":174,"column":7}},"89":{"start":{"line":167,"column":22},"end":{"line":167,"column":49}},"90":{"start":{"line":169,"column":6},"end":{"line":169,"column":62}},"91":{"start":{"line":169,"column":35},"end":{"line":169,"column":60}},"92":{"start":{"line":170,"column":22},"end":{"line":170,"column":49}},"93":{"start":{"line":172,"column":6},"end":{"line":172,"column":64}},"94":{"start":{"line":173,"column":6},"end":{"line":173,"column":66}}},"fnMap":{"0":{"name":"(anonymous_0)","decl":{"start":{"line":16,"column":22},"end":{"line":16,"column":23}},"loc":{"start":{"line":16,"column":28},"end":{"line":176,"column":1}},"line":16},"1":{"name":"(anonymous_1)","decl":{"start":{"line":23,"column":34},"end":{"line":23,"column":35}},"loc":{"start":{"line":23,"column":40},"end":{"line":44,"column":3}},"line":23},"2":{"name":"(anonymous_2)","decl":{"start":{"line":24,"column":47},"end":{"line":24,"column":48}},"loc":{"start":{"line":24,"column":53},"end":{"line":34,"column":5}},"line":24},"3":{"name":"(anonymous_3)","decl":{"start":{"line":36,"column":45},"end":{"line":36,"column":46}},"loc":{"start":{"line":36,"column":51},"end":{"line":43,"column":5}},"line":36},"4":{"name":"(anonymous_4)","decl":{"start":{"line":46,"column":35},"end":{"line":46,"column":36}},"loc":{"start":{"line":46,"column":41},"end":{"line":67,"column":3}},"line":46},"5":{"name":"(anonymous_5)","decl":{"start":{"line":47,"column":48},"end":{"line":47,"column":49}},"loc":{"start":{"line":47,"column":54},"end":{"line":57,"column":5}},"line":47},"6":{"name":"(anonymous_6)","decl":{"start":{"line":59,"column":45},"end":{"line":59,"column":46}},"loc":{"start":{"line":59,"column":51},"end":{"line":66,"column":5}},"line":59},"7":{"name":"(anonymous_7)","decl":{"start":{"line":69,"column":32},"end":{"line":69,"column":33}},"loc":{"start":{"line":69,"column":38},"end":{"line":104,"column":3}},"line":69},"8":{"name":"(anonymous_8)","decl":{"start":{"line":70,"column":45},"end":{"line":70,"column":46}},"loc":{"start":{"line":70,"column":51},"end":{"line":77,"column":5}},"line":70},"9":{"name":"(anonymous_9)","decl":{"start":{"line":79,"column":47},"end":{"line":79,"column":48}},"loc":{"start":{"line":79,"column":53},"end":{"line":83,"column":5}},"line":79},"10":{"name":"(anonymous_10)","decl":{"start":{"line":80,"column":13},"end":{"line":80,"column":14}},"loc":{"start":{"line":80,"column":19},"end":{"line":82,"column":7}},"line":80},"11":{"name":"(anonymous_11)","decl":{"start":{"line":85,"column":47},"end":{"line":85,"column":48}},"loc":{"start":{"line":85,"column":53},"end":{"line":95,"column":5}},"line":85},"12":{"name":"(anonymous_12)","decl":{"start":{"line":92,"column":13},"end":{"line":92,"column":14}},"loc":{"start":{"line":92,"column":19},"end":{"line":94,"column":7}},"line":92},"13":{"name":"(anonymous_13)","decl":{"start":{"line":97,"column":64},"end":{"line":97,"column":65}},"loc":{"start":{"line":97,"column":70},"end":{"line":103,"column":5}},"line":97},"14":{"name":"(anonymous_14)","decl":{"start":{"line":100,"column":13},"end":{"line":100,"column":14}},"loc":{"start":{"line":100,"column":19},"end":{"line":102,"column":7}},"line":100},"15":{"name":"(anonymous_15)","decl":{"start":{"line":106,"column":33},"end":{"line":106,"column":34}},"loc":{"start":{"line":106,"column":39},"end":{"line":133,"column":3}},"line":106},"16":{"name":"(anonymous_16)","decl":{"start":{"line":107,"column":46},"end":{"line":107,"column":47}},"loc":{"start":{"line":107,"column":52},"end":{"line":114,"column":5}},"line":107},"17":{"name":"(anonymous_17)","decl":{"start":{"line":116,"column":47},"end":{"line":116,"column":48}},"loc":{"start":{"line":116,"column":53},"end":{"line":120,"column":5}},"line":116},"18":{"name":"(anonymous_18)","decl":{"start":{"line":117,"column":13},"end":{"line":117,"column":14}},"loc":{"start":{"line":117,"column":19},"end":{"line":119,"column":7}},"line":117},"19":{"name":"(anonymous_19)","decl":{"start":{"line":122,"column":47},"end":{"line":122,"column":48}},"loc":{"start":{"line":122,"column":53},"end":{"line":132,"column":5}},"line":122},"20":{"name":"(anonymous_20)","decl":{"start":{"line":129,"column":13},"end":{"line":129,"column":14}},"loc":{"start":{"line":129,"column":19},"end":{"line":131,"column":7}},"line":129},"21":{"name":"(anonymous_21)","decl":{"start":{"line":135,"column":32},"end":{"line":135,"column":33}},"loc":{"start":{"line":135,"column":38},"end":{"line":175,"column":3}},"line":135},"22":{"name":"(anonymous_22)","decl":{"start":{"line":142,"column":57},"end":{"line":142,"column":58}},"loc":{"start":{"line":142,"column":63},"end":{"line":149,"column":5}},"line":142},"23":{"name":"(anonymous_23)","decl":{"start":{"line":151,"column":54},"end":{"line":151,"column":55}},"loc":{"start":{"line":151,"column":60},"end":{"line":164,"column":5}},"line":151},"24":{"name":"(anonymous_24)","decl":{"start":{"line":166,"column":53},"end":{"line":166,"column":54}},"loc":{"start":{"line":166,"column":65},"end":{"line":174,"column":5}},"line":166},"25":{"name":"(anonymous_25)","decl":{"start":{"line":169,"column":24},"end":{"line":169,"column":25}},"loc":{"start":{"line":169,"column":35},"end":{"line":169,"column":60}},"line":169}},"branchMap":{},"s":{"0":0,"1":0,"2":0,"3":0,"4":0,"5":0,"6":0,"7":0,"8":0,"9":0,"10":0,"11":0,"12":0,"13":0,"14":0,"15":0,"16":0,"17":0,"18":0,"19":0,"20":0,"21":0,"22":0,"23":0,"24":0,"25":0,"26":0,"27":0,"28":0,"29":0,"30":0,"31":0,"32":0,"33":0,"34":0,"35":0,"36":0,"37":0,"38":0,"39":0,"40":0,"41":0,"42":0,"43":0,"44":0,"45":0,"46":0,"47":0,"48":0,"49":0,"50":0,"51":0,"52":0,"53":0,"54":0,"55":0,"56":0,"57":0,"58":0,"59":0,"60":0,"61":0,"62":0,"63":0,"64":0,"65":0,"66":0,"67":0,"68":0,"69":0,"70":0,"71":0,"72":0,"73":0,"74":0,"75":0,"76":0,"77":0,"78":0,"79":0,"80":0,"81":0,"82":0,"83":0,"84":0,"85":0,"86":0,"87":0,"88":0,"89":0,"90":0,"91":0,"92":0,"93":0,"94":0},"f":{"0":0,"1":0,"2":0,"3":0,"4":0,"5":0,"6":0,"7":0,"8":0,"9":0,"10":0,"11":0,"12":0,"13":0,"14":0,"15":0,"16":0,"17":0,"18":0,"19":0,"20":0,"21":0,"22":0,"23":0,"24":0,"25":0},"b":{}}
,"/home/henry/Documents/Projects/kloudopp-assessment/src/utils/emailService.js": {"path":"/home/henry/Documents/Projects/kloudopp-assessment/src/utils/emailService.js","statementMap":{"0":{"start":{"line":1,"column":19},"end":{"line":1,"column":40}},"1":{"start":{"line":2,"column":12},"end":{"line":2,"column":36}},"2":{"start":{"line":4,"column":20},"end":{"line":13,"column":5}},"3":{"start":{"line":15,"column":30},"end":{"line":34,"column":1}},"4":{"start":{"line":16,"column":27},"end":{"line":16,"column":83}},"5":{"start":{"line":17,"column":22},"end":{"line":23,"column":3}},"6":{"start":{"line":25,"column":2},"end":{"line":33,"column":3}},"7":{"start":{"line":26,"column":4},"end":{"line":26,"column":46}},"8":{"start":{"line":27,"column":4},"end":{"line":27,"column":43}},"9":{"start":{"line":28,"column":4},"end":{"line":28,"column":57}},"10":{"start":{"line":29,"column":4},"end":{"line":29,"column":15}},"11":{"start":{"line":31,"column":4},"end":{"line":31,"column":58}},"12":{"start":{"line":32,"column":4},"end":{"line":32,"column":16}},"13":{"start":{"line":35,"column":31},"end":{"line":53,"column":1}},"14":{"start":{"line":36,"column":20},"end":{"line":36,"column":69}},"15":{"start":{"line":37,"column":22},"end":{"line":43,"column":3}},"16":{"start":{"line":45,"column":2},"end":{"line":52,"column":3}},"17":{"start":{"line":46,"column":4},"end":{"line":46,"column":43}},"18":{"start":{"line":47,"column":4},"end":{"line":47,"column":56}},"19":{"start":{"line":48,"column":4},"end":{"line":48,"column":15}},"20":{"start":{"line":50,"column":4},"end":{"line":50,"column":60}},"21":{"start":{"line":51,"column":4},"end":{"line":51,"column":16}},"22":{"start":{"line":56,"column":0},"end":{"line":59,"column":1}}},"fnMap":{"0":{"name":"(anonymous_0)","decl":{"start":{"line":15,"column":30},"end":{"line":15,"column":31}},"loc":{"start":{"line":15,"column":54},"end":{"line":34,"column":1}},"line":15},"1":{"name":"(anonymous_1)","decl":{"start":{"line":35,"column":31},"end":{"line":35,"column":32}},"loc":{"start":{"line":35,"column":52},"end":{"line":53,"column":1}},"line":35}},"branchMap":{},"s":{"0":1,"1":1,"2":1,"3":1,"4":0,"5":0,"6":0,"7":0,"8":0,"9":0,"10":0,"11":0,"12":0,"13":1,"14":0,"15":0,"16":0,"17":0,"18":0,"19":0,"20":0,"21":0,"22":1},"f":{"0":0,"1":0},"b":{},"_coverageSchema":"1a1c01bbd47fc00a2c39e90264f33305004495a9","hash":"e040ffa5495eae5d25b58804dd7fcb9cd1a9edcc"}
,"/home/henry/Documents/Projects/kloudopp-assessment/src/utils/jwt.js": {"path":"/home/henry/Documents/Projects/kloudopp-assessment/src/utils/jwt.js","statementMap":{"0":{"start":{"line":1,"column":12},"end":{"line":1,"column":35}},"1":{"start":{"line":2,"column":12},"end":{"line":2,"column":36}},"2":{"start":{"line":4,"column":24},"end":{"line":4,"column":88}},"3":{"start":{"line":4,"column":30},"end":{"line":4,"column":88}},"4":{"start":{"line":5,"column":25},"end":{"line":5,"column":91}},"5":{"start":{"line":5,"column":31},"end":{"line":5,"column":91}},"6":{"start":{"line":6,"column":24},"end":{"line":6,"column":60}},"7":{"start":{"line":6,"column":30},"end":{"line":6,"column":60}},"8":{"start":{"line":7,"column":25},"end":{"line":7,"column":61}},"9":{"start":{"line":7,"column":31},"end":{"line":7,"column":61}},"10":{"start":{"line":9,"column":28},"end":{"line":11,"column":1}},"11":{"start":{"line":10,"column":2},"end":{"line":10,"column":80}},"12":{"start":{"line":13,"column":29},"end":{"line":15,"column":1}},"13":{"start":{"line":14,"column":2},"end":{"line":14,"column":82}},"14":{"start":{"line":17,"column":26},"end":{"line":20,"column":2}},"15":{"start":{"line":17,"column":40},"end":{"line":20,"column":1}},"16":{"start":{"line":22,"column":26},"end":{"line":28,"column":1}},"17":{"start":{"line":23,"column":2},"end":{"line":27,"column":3}},"18":{"start":{"line":24,"column":4},"end":{"line":24,"column":48}},"19":{"start":{"line":26,"column":4},"end":{"line":26,"column":55}},"20":{"start":{"line":30,"column":27},"end":{"line":36,"column":1}},"21":{"start":{"line":31,"column":2},"end":{"line":35,"column":3}},"22":{"start":{"line":32,"column":4},"end":{"line":32,"column":49}},"23":{"start":{"line":34,"column":4},"end":{"line":34,"column":56}},"24":{"start":{"line":38,"column":0},"end":{"line":44,"column":2}}},"fnMap":{"0":{"name":"(anonymous_0)","decl":{"start":{"line":4,"column":24},"end":{"line":4,"column":25}},"loc":{"start":{"line":4,"column":30},"end":{"line":4,"column":88}},"line":4},"1":{"name":"(anonymous_1)","decl":{"start":{"line":5,"column":25},"end":{"line":5,"column":26}},"loc":{"start":{"line":5,"column":31},"end":{"line":5,"column":91}},"line":5},"2":{"name":"(anonymous_2)","decl":{"start":{"line":6,"column":24},"end":{"line":6,"column":25}},"loc":{"start":{"line":6,"column":30},"end":{"line":6,"column":60}},"line":6},"3":{"name":"(anonymous_3)","decl":{"start":{"line":7,"column":25},"end":{"line":7,"column":26}},"loc":{"start":{"line":7,"column":31},"end":{"line":7,"column":61}},"line":7},"4":{"name":"(anonymous_4)","decl":{"start":{"line":9,"column":28},"end":{"line":9,"column":29}},"loc":{"start":{"line":9,"column":41},"end":{"line":11,"column":1}},"line":9},"5":{"name":"(anonymous_5)","decl":{"start":{"line":13,"column":29},"end":{"line":13,"column":30}},"loc":{"start":{"line":13,"column":42},"end":{"line":15,"column":1}},"line":13},"6":{"name":"(anonymous_6)","decl":{"start":{"line":17,"column":26},"end":{"line":17,"column":27}},"loc":{"start":{"line":17,"column":40},"end":{"line":20,"column":1}},"line":17},"7":{"name":"(anonymous_7)","decl":{"start":{"line":22,"column":26},"end":{"line":22,"column":27}},"loc":{"start":{"line":22,"column":37},"end":{"line":28,"column":1}},"line":22},"8":{"name":"(anonymous_8)","decl":{"start":{"line":30,"column":27},"end":{"line":30,"column":28}},"loc":{"start":{"line":30,"column":38},"end":{"line":36,"column":1}},"line":30}},"branchMap":{"0":{"loc":{"start":{"line":4,"column":30},"end":{"line":4,"column":88}},"type":"binary-expr","locations":[{"start":{"line":4,"column":30},"end":{"line":4,"column":51}},{"start":{"line":4,"column":55},"end":{"line":4,"column":69}},{"start":{"line":4,"column":73},"end":{"line":4,"column":88}}],"line":4},"1":{"loc":{"start":{"line":5,"column":31},"end":{"line":5,"column":91}},"type":"binary-expr","locations":[{"start":{"line":5,"column":31},"end":{"line":5,"column":53}},{"start":{"line":5,"column":57},"end":{"line":5,"column":71}},{"start":{"line":5,"column":75},"end":{"line":5,"column":91}}],"line":5},"2":{"loc":{"start":{"line":6,"column":30},"end":{"line":6,"column":60}},"type":"binary-expr","locations":[{"start":{"line":6,"column":30},"end":{"line":6,"column":51}},{"start":{"line":6,"column":55},"end":{"line":6,"column":60}}],"line":6},"3":{"loc":{"start":{"line":7,"column":31},"end":{"line":7,"column":61}},"type":"binary-expr","locations":[{"start":{"line":7,"column":31},"end":{"line":7,"column":53}},{"start":{"line":7,"column":57},"end":{"line":7,"column":61}}],"line":7}},"s":{"0":5,"1":5,"2":5,"3":38,"4":5,"5":29,"6":5,"7":24,"8":5,"9":24,"10":5,"11":24,"12":5,"13":24,"14":5,"15":21,"16":5,"17":14,"18":14,"19":4,"20":5,"21":5,"22":5,"23":3,"24":5},"f":{"0":38,"1":29,"2":24,"3":24,"4":24,"5":24,"6":21,"7":14,"8":5},"b":{"0":[38,0,0],"1":[29,0,0],"2":[24,0],"3":[24,0]},"_coverageSchema":"1a1c01bbd47fc00a2c39e90264f33305004495a9","hash":"83635e8bc7fe0022fbc57708c8eb4e7a69bbbe6b"}
}
