TN:
SF:src/app.js
FN:42,(anonymous_0)
FNF:1
FNH:0
FNDA:0,(anonymous_0)
DA:1,2
DA:2,2
DA:3,2
DA:4,2
DA:5,2
DA:6,2
DA:7,2
DA:9,2
DA:10,2
DA:12,2
DA:13,2
DA:14,2
DA:18,2
DA:19,2
DA:20,2
DA:22,2
DA:23,0
DA:33,0
DA:34,0
DA:36,2
DA:39,2
DA:40,2
DA:42,2
DA:43,0
DA:44,0
DA:47,2
LF:26
LH:21
BRDA:15,0,0,2
BRDA:15,0,1,0
BRDA:22,1,0,0
BRDA:22,1,1,2
BRDA:24,2,0,0
BRDA:24,2,1,0
BRF:6
BRH:2
end_of_record
TN:
SF:src/config/database.js
FN:5,resolvePassword
FN:61,(anonymous_1)
FNF:2
FNH:0
FNDA:0,resolvePassword
FNDA:0,(anonymous_1)
DA:1,12
DA:3,12
DA:7,0
DA:8,0
DA:9,0
DA:10,0
DA:11,0
DA:13,0
DA:16,0
DA:17,0
DA:18,0
DA:22,12
DA:23,12
DA:28,0
DA:29,0
DA:30,0
DA:32,0
DA:33,0
DA:42,0
DA:61,12
DA:62,0
DA:63,0
DA:64,0
DA:65,0
DA:67,0
DA:68,0
DA:72,12
LF:27
LH:6
BRDA:7,0,0,0
BRDA:7,0,1,0
BRDA:17,1,0,0
BRDA:17,1,1,0
BRDA:18,2,0,0
BRDA:18,2,1,0
BRDA:22,3,0,12
BRDA:22,3,1,0
BRDA:29,4,0,0
BRDA:29,4,1,0
BRDA:32,5,0,0
BRDA:32,5,1,0
BRDA:36,6,0,0
BRDA:36,6,1,0
BRDA:37,7,0,0
BRDA:37,7,1,0
BRDA:47,8,0,0
BRDA:47,8,1,0
BRDA:48,9,0,0
BRDA:48,9,1,0
BRDA:56,10,0,0
BRDA:56,10,1,0
BRDA:63,11,0,0
BRDA:63,11,1,0
BRF:24
BRH:1
end_of_record
TN:
SF:src/config/env.js
FN:8,load
FNF:1
FNH:1
FNDA:14,load
DA:4,14
DA:5,14
DA:6,14
DA:9,14
DA:10,8
DA:11,8
DA:12,8
DA:13,8
DA:15,8
DA:16,8
DA:17,0
DA:18,0
DA:20,8
DA:21,8
DA:23,0
DA:25,8
DA:28,14
DA:30,14
LF:18
LH:15
BRDA:9,0,0,6
BRDA:9,0,1,8
BRDA:15,1,0,8
BRDA:15,1,1,0
BRDA:15,2,0,8
BRDA:15,2,1,8
BRDA:17,3,0,0
BRDA:17,3,1,0
BRDA:20,4,0,8
BRDA:20,4,1,0
BRF:10
BRH:6
end_of_record
TN:
SF:src/config/passport.js
FN:13,(anonymous_0)
FN:61,(anonymous_1)
FNF:2
FNH:0
FNDA:0,(anonymous_0)
FNDA:0,(anonymous_1)
DA:1,2
DA:2,2
DA:3,2
DA:4,2
DA:5,2
DA:8,2
DA:14,0
DA:15,0
DA:16,0
DA:17,0
DA:18,0
DA:19,0
DA:21,0
DA:22,0
DA:23,0
DA:24,0
DA:25,0
DA:27,0
DA:28,0
DA:29,0
DA:30,0
DA:31,0
DA:32,0
DA:33,0
DA:34,0
DA:35,0
DA:37,0
DA:38,0
DA:49,0
DA:51,0
DA:55,2
DA:56,2
DA:57,2
DA:61,2
DA:62,0
DA:63,0
DA:64,0
DA:65,0
DA:67,0
DA:69,0
DA:74,2
LF:41
LH:11
BRDA:9,0,0,2
BRDA:9,0,1,0
BRDA:10,1,0,2
BRDA:10,1,1,0
BRDA:11,2,0,2
BRDA:11,2,1,0
BRDA:22,3,0,0
BRDA:22,3,1,0
BRDA:28,4,0,0
BRDA:28,4,1,0
BRDA:28,5,0,0
BRDA:28,5,1,0
BRDA:37,6,0,0
BRDA:37,6,1,0
BRDA:55,7,0,2
BRDA:55,7,1,0
BRDA:56,8,0,2
BRDA:56,8,1,0
BRDA:64,9,0,0
BRDA:64,9,1,0
BRDA:64,10,0,0
BRDA:64,10,1,0
BRF:22
BRH:5
end_of_record
TN:
SF:src/controllers/authController.js
FN:7,(anonymous_0)
FN:55,(anonymous_1)
FN:94,(anonymous_2)
FN:119,(anonymous_3)
FN:137,(anonymous_4)
FN:160,(anonymous_5)
FN:190,(anonymous_6)
FN:212,(anonymous_7)
FNF:8
FNH:4
FNDA:6,(anonymous_0)
FNDA:8,(anonymous_1)
FNDA:8,(anonymous_2)
FNDA:3,(anonymous_3)
FNDA:0,(anonymous_4)
FNDA:0,(anonymous_5)
FNDA:0,(anonymous_6)
FNDA:0,(anonymous_7)
DA:1,3
DA:2,3
DA:3,3
DA:4,3
DA:7,3
DA:8,6
DA:9,6
DA:10,6
DA:11,5
DA:12,2
DA:15,3
DA:16,3
DA:18,3
DA:28,3
DA:29,3
DA:30,3
DA:32,1
DA:33,1
DA:36,3
DA:37,3
DA:38,3
DA:40,3
DA:51,1
DA:52,1
DA:55,3
DA:56,8
DA:57,8
DA:58,8
DA:60,7
DA:61,2
DA:64,5
DA:65,2
DA:68,3
DA:69,3
DA:70,1
DA:73,2
DA:74,2
DA:75,2
DA:76,2
DA:78,2
DA:88,1
DA:89,1
DA:94,3
DA:95,8
DA:96,8
DA:97,8
DA:98,2
DA:101,6
DA:102,2
DA:104,4
DA:105,4
DA:106,2
DA:108,2
DA:109,2
DA:110,2
DA:111,2
DA:112,2
DA:114,0
DA:115,0
DA:119,3
DA:120,3
DA:121,3
DA:122,3
DA:123,3
DA:124,3
DA:125,2
DA:126,2
DA:129,3
DA:131,0
DA:132,0
DA:137,3
DA:138,0
DA:139,0
DA:140,0
DA:141,0
DA:144,0
DA:145,0
DA:146,0
DA:149,0
DA:150,0
DA:151,0
DA:153,0
DA:155,0
DA:156,0
DA:160,3
DA:161,0
DA:162,0
DA:163,0
DA:164,0
DA:165,0
DA:168,0
DA:169,0
DA:171,0
DA:172,0
DA:173,0
DA:175,0
DA:176,0
DA:177,0
DA:179,0
DA:180,0
DA:183,0
DA:185,0
DA:186,0
DA:190,3
DA:191,0
DA:192,0
DA:194,0
DA:195,0
DA:196,0
DA:199,0
DA:200,0
DA:201,0
DA:202,0
DA:203,0
DA:205,0
DA:207,0
DA:208,0
DA:212,3
DA:213,0
DA:214,0
DA:215,0
DA:217,0
DA:218,0
DA:220,0
DA:221,0
DA:223,0
DA:224,0
DA:228,3
LF:128
LH:71
BRDA:11,0,0,2
BRDA:11,0,1,3
BRDA:60,1,0,2
BRDA:60,1,1,5
BRDA:64,2,0,2
BRDA:64,2,1,3
BRDA:69,3,0,1
BRDA:69,3,1,2
BRDA:97,4,0,2
BRDA:97,4,1,6
BRDA:105,5,0,2
BRDA:105,5,1,2
BRDA:105,6,0,4
BRDA:105,6,1,3
BRDA:108,7,0,0
BRDA:108,7,1,2
BRDA:122,8,0,3
BRDA:122,8,1,0
BRDA:124,9,0,2
BRDA:124,9,1,1
BRDA:140,10,0,0
BRDA:140,10,1,0
BRDA:145,11,0,0
BRDA:145,11,1,0
BRDA:164,12,0,0
BRDA:164,12,1,0
BRDA:195,13,0,0
BRDA:195,13,1,0
BRF:28
BRH:18
end_of_record
TN:
SF:src/controllers/userController.js
FN:3,(anonymous_0)
FN:16,(anonymous_1)
FN:34,(anonymous_2)
FNF:3
FNH:3
FNDA:5,(anonymous_0)
FNDA:7,(anonymous_1)
FNDA:6,(anonymous_2)
DA:1,3
DA:3,3
DA:4,5
DA:5,5
DA:6,5
DA:7,4
DA:8,2
DA:10,2
DA:12,1
DA:13,1
DA:16,3
DA:17,7
DA:18,7
DA:19,7
DA:20,7
DA:21,6
DA:22,2
DA:24,4
DA:25,4
DA:26,4
DA:27,4
DA:28,4
DA:30,1
DA:31,1
DA:34,3
DA:35,6
DA:36,6
DA:37,6
DA:38,5
DA:39,2
DA:41,3
DA:42,3
DA:43,3
DA:44,3
DA:46,1
DA:47,1
DA:51,3
LF:37
LH:37
BRDA:7,0,0,2
BRDA:7,0,1,2
BRDA:21,1,0,2
BRDA:21,1,1,4
BRDA:24,2,0,3
BRDA:24,2,1,1
BRDA:25,3,0,2
BRDA:25,3,1,2
BRDA:26,4,0,2
BRDA:26,4,1,2
BRDA:38,5,0,2
BRDA:38,5,1,3
BRF:12
BRH:12
end_of_record
TN:
SF:src/database/migration.js
FN:4,(anonymous_0)
FNF:1
FNH:0
FNDA:0,(anonymous_0)
DA:1,0
DA:2,0
DA:4,0
DA:5,0
DA:6,0
DA:7,0
DA:8,0
DA:9,0
DA:10,0
DA:11,0
DA:13,0
DA:14,0
DA:16,0
DA:21,0
LF:14
LH:0
BRF:0
BRH:0
end_of_record
TN:
SF:src/middleware/auth.js
FN:4,(anonymous_0)
FN:23,(anonymous_1)
FN:29,(anonymous_2)
FN:36,(anonymous_3)
FN:37,(anonymous_4)
FNF:5
FNH:5
FNDA:19,(anonymous_0)
FNDA:3,(anonymous_1)
FNDA:2,(anonymous_2)
FNDA:4,(anonymous_3)
FNDA:4,(anonymous_4)
DA:1,3
DA:4,3
DA:5,19
DA:6,19
DA:7,19
DA:8,6
DA:10,13
DA:12,13
DA:13,13
DA:15,2
DA:17,11
DA:18,11
DA:20,0
DA:23,3
DA:24,3
DA:25,1
DA:27,1
DA:29,3
DA:30,2
DA:31,1
DA:33,1
DA:36,3
DA:37,4
DA:38,4
DA:39,1
DA:41,3
DA:46,3
LF:27
LH:26
BRDA:7,0,0,6
BRDA:7,0,1,13
BRDA:7,1,0,19
BRDA:7,1,1,14
BRDA:24,2,0,1
BRDA:24,2,1,1
BRDA:30,3,0,1
BRDA:30,3,1,1
BRDA:38,4,0,1
BRDA:38,4,1,3
BRF:10
BRH:10
end_of_record
TN:
SF:src/middleware/rateLimiter.js
FNF:0
FNH:0
DA:1,2
DA:3,2
DA:12,2
DA:21,2
LF:4
LH:4
BRF:0
BRH:0
end_of_record
TN:
SF:src/middleware/validator.js
FN:3,(anonymous_0)
FNF:1
FNH:1
FNDA:15,(anonymous_0)
DA:1,3
DA:3,3
DA:4,15
DA:5,15
DA:6,6
DA:8,9
DA:11,3
DA:34,3
DA:46,3
DA:55,3
DA:61,3
DA:68,3
LF:12
LH:12
BRDA:5,0,0,6
BRDA:5,0,1,9
BRF:2
BRH:2
end_of_record
TN:
SF:src/models/User.js
FN:104,(anonymous_0)
FN:109,(anonymous_1)
FN:113,(anonymous_2)
FNF:3
FNH:3
FNDA:3,(anonymous_0)
FNDA:2,(anonymous_1)
FNDA:2,(anonymous_2)
DA:1,5
DA:2,5
DA:3,5
DA:6,5
DA:104,5
DA:105,3
DA:106,3
DA:109,5
DA:110,2
DA:113,5
DA:114,2
DA:130,5
LF:12
LH:12
BRF:0
BRH:0
end_of_record
TN:
SF:src/routes/authRoutes.js
FNF:0
FNH:0
DA:1,2
DA:2,2
DA:3,2
DA:4,2
DA:5,2
DA:6,2
DA:7,2
DA:9,2
DA:10,2
DA:11,2
DA:12,2
DA:13,2
DA:14,2
DA:15,2
DA:16,2
DA:17,2
DA:20,2
LF:17
LH:17
BRF:0
BRH:0
end_of_record
TN:
SF:src/routes/userRoutes.js
FNF:0
FNH:0
DA:1,2
DA:2,2
DA:3,2
DA:4,2
DA:5,2
DA:7,2
DA:8,2
DA:9,2
DA:11,2
LF:9
LH:9
BRF:0
BRH:0
end_of_record
TN:
SF:src/tests/setup.js
FNF:0
FNH:0
DA:3,0
DA:6,0
DA:7,0
DA:8,0
DA:9,0
DA:10,0
DA:13,0
LF:7
LH:0
BRF:0
BRH:0
end_of_record
TN:
SF:src/tests/integration/routes/authRoutes.test.js
FN:3,(anonymous_0)
FN:14,(anonymous_1)
FN:15,(anonymous_2)
FN:19,(anonymous_3)
FN:28,(anonymous_4)
FN:67,(anonymous_5)
FN:80,(anonymous_6)
FN:93,(anonymous_7)
FN:106,(anonymous_8)
FN:119,(anonymous_9)
FN:125,(anonymous_10)
FN:155,(anonymous_11)
FN:168,(anonymous_12)
FN:180,(anonymous_13)
FN:197,(anonymous_14)
FN:198,(anonymous_15)
FN:224,(anonymous_16)
FN:234,(anonymous_17)
FN:245,(anonymous_18)
FN:246,(anonymous_19)
FN:266,(anonymous_20)
FNF:21
FNH:0
FNDA:0,(anonymous_0)
FNDA:0,(anonymous_1)
FNDA:0,(anonymous_2)
FNDA:0,(anonymous_3)
FNDA:0,(anonymous_4)
FNDA:0,(anonymous_5)
FNDA:0,(anonymous_6)
FNDA:0,(anonymous_7)
FNDA:0,(anonymous_8)
FNDA:0,(anonymous_9)
FNDA:0,(anonymous_10)
FNDA:0,(anonymous_11)
FNDA:0,(anonymous_12)
FNDA:0,(anonymous_13)
FNDA:0,(anonymous_14)
FNDA:0,(anonymous_15)
FNDA:0,(anonymous_16)
FNDA:0,(anonymous_17)
FNDA:0,(anonymous_18)
FNDA:0,(anonymous_19)
FNDA:0,(anonymous_20)
DA:2,0
DA:3,0
DA:8,0
DA:9,0
DA:10,0
DA:11,0
DA:12,0
DA:14,0
DA:15,0
DA:16,0
DA:19,0
DA:20,0
DA:28,0
DA:29,0
DA:50,0
DA:51,0
DA:52,0
DA:53,0
DA:55,0
DA:60,0
DA:61,0
DA:62,0
DA:63,0
DA:64,0
DA:67,0
DA:68,0
DA:76,0
DA:77,0
DA:80,0
DA:81,0
DA:89,0
DA:90,0
DA:93,0
DA:94,0
DA:102,0
DA:103,0
DA:106,0
DA:107,0
DA:109,0
DA:114,0
DA:115,0
DA:119,0
DA:120,0
DA:125,0
DA:126,0
DA:141,0
DA:143,0
DA:148,0
DA:149,0
DA:150,0
DA:151,0
DA:152,0
DA:155,0
DA:156,0
DA:164,0
DA:165,0
DA:168,0
DA:169,0
DA:171,0
DA:176,0
DA:177,0
DA:180,0
DA:181,0
DA:185,0
DA:187,0
DA:192,0
DA:193,0
DA:197,0
DA:198,0
DA:199,0
DA:206,0
DA:208,0
DA:213,0
DA:218,0
DA:219,0
DA:220,0
DA:221,0
DA:224,0
DA:225,0
DA:230,0
DA:231,0
DA:234,0
DA:235,0
DA:240,0
DA:241,0
DA:245,0
DA:246,0
DA:247,0
DA:253,0
DA:255,0
DA:257,0
DA:262,0
DA:263,0
DA:266,0
DA:267,0
DA:271,0
DA:272,0
LF:97
LH:0
BRF:0
BRH:0
end_of_record
TN:
SF:src/tests/integration/routes/userRoutes.test.js
FN:9,(anonymous_0)
FN:13,(anonymous_1)
FN:46,(anonymous_2)
FN:47,(anonymous_3)
FN:61,(anonymous_4)
FN:70,(anonymous_5)
FN:80,(anonymous_6)
FN:93,(anonymous_7)
FN:94,(anonymous_8)
FN:126,(anonymous_9)
FN:151,(anonymous_10)
FN:160,(anonymous_11)
FN:173,(anonymous_12)
FN:187,(anonymous_13)
FN:188,(anonymous_14)
FN:203,(anonymous_15)
FN:211,(anonymous_16)
FNF:17
FNH:0
FNDA:0,(anonymous_0)
FNDA:0,(anonymous_1)
FNDA:0,(anonymous_2)
FNDA:0,(anonymous_3)
FNDA:0,(anonymous_4)
FNDA:0,(anonymous_5)
FNDA:0,(anonymous_6)
FNDA:0,(anonymous_7)
FNDA:0,(anonymous_8)
FNDA:0,(anonymous_9)
FNDA:0,(anonymous_10)
FNDA:0,(anonymous_11)
FNDA:0,(anonymous_12)
FNDA:0,(anonymous_13)
FNDA:0,(anonymous_14)
FNDA:0,(anonymous_15)
FNDA:0,(anonymous_16)
DA:2,0
DA:4,0
DA:5,0
DA:6,0
DA:7,0
DA:9,0
DA:13,0
DA:14,0
DA:16,0
DA:38,0
DA:43,0
DA:46,0
DA:47,0
DA:48,0
DA:50,0
DA:55,0
DA:56,0
DA:57,0
DA:58,0
DA:61,0
DA:62,0
DA:66,0
DA:67,0
DA:70,0
DA:71,0
DA:76,0
DA:77,0
DA:80,0
DA:81,0
DA:83,0
DA:88,0
DA:89,0
DA:93,0
DA:94,0
DA:95,0
DA:108,0
DA:110,0
DA:119,0
DA:120,0
DA:121,0
DA:122,0
DA:123,0
DA:126,0
DA:127,0
DA:137,0
DA:139,0
DA:147,0
DA:148,0
DA:151,0
DA:152,0
DA:157,0
DA:160,0
DA:161,0
DA:169,0
DA:170,0
DA:173,0
DA:174,0
DA:176,0
DA:182,0
DA:183,0
DA:187,0
DA:188,0
DA:189,0
DA:191,0
DA:196,0
DA:197,0
DA:198,0
DA:199,0
DA:200,0
DA:203,0
DA:204,0
DA:208,0
DA:211,0
DA:212,0
DA:214,0
DA:219,0
DA:220,0
LF:77
LH:0
BRF:0
BRH:0
end_of_record
TN:
SF:src/tests/unit/controllers/authController.test.js
FN:4,(anonymous_0)
FN:16,(anonymous_1)
FN:19,(anonymous_2)
FN:31,(anonymous_3)
FN:40,(anonymous_4)
FN:64,(anonymous_5)
FN:87,(anonymous_6)
FN:101,(anonymous_7)
FN:114,(anonymous_8)
FN:133,(anonymous_9)
FN:150,(anonymous_10)
FN:156,(anonymous_11)
FN:192,(anonymous_12)
FN:206,(anonymous_13)
FN:224,(anonymous_14)
FN:243,(anonymous_15)
FN:260,(anonymous_16)
FN:261,(anonymous_17)
FN:296,(anonymous_18)
FN:308,(anonymous_19)
FN:311,(anonymous_20)
FN:324,(anonymous_21)
FN:339,(anonymous_22)
FN:359,(anonymous_23)
FN:360,(anonymous_24)
FN:383,(anonymous_25)
FNF:26
FNH:0
FNDA:0,(anonymous_0)
FNDA:0,(anonymous_1)
FNDA:0,(anonymous_2)
FNDA:0,(anonymous_3)
FNDA:0,(anonymous_4)
FNDA:0,(anonymous_5)
FNDA:0,(anonymous_6)
FNDA:0,(anonymous_7)
FNDA:0,(anonymous_8)
FNDA:0,(anonymous_9)
FNDA:0,(anonymous_10)
FNDA:0,(anonymous_11)
FNDA:0,(anonymous_12)
FNDA:0,(anonymous_13)
FNDA:0,(anonymous_14)
FNDA:0,(anonymous_15)
FNDA:0,(anonymous_16)
FNDA:0,(anonymous_17)
FNDA:0,(anonymous_18)
FNDA:0,(anonymous_19)
FNDA:0,(anonymous_20)
FNDA:0,(anonymous_21)
FNDA:0,(anonymous_22)
FNDA:0,(anonymous_23)
FNDA:0,(anonymous_24)
FNDA:0,(anonymous_25)
DA:2,0
DA:3,0
DA:4,0
DA:8,0
DA:10,0
DA:11,0
DA:12,0
DA:13,0
DA:14,0
DA:16,0
DA:19,0
DA:20,0
DA:24,0
DA:28,0
DA:31,0
DA:32,0
DA:40,0
DA:41,0
DA:43,0
DA:62,0
DA:63,0
DA:64,0
DA:65,0
DA:66,0
DA:67,0
DA:72,0
DA:74,0
DA:75,0
DA:76,0
DA:77,0
DA:78,0
DA:79,0
DA:87,0
DA:88,0
DA:90,0
DA:92,0
DA:94,0
DA:95,0
DA:101,0
DA:102,0
DA:104,0
DA:112,0
DA:113,0
DA:114,0
DA:115,0
DA:116,0
DA:117,0
DA:122,0
DA:124,0
DA:125,0
DA:133,0
DA:134,0
DA:136,0
DA:138,0
DA:140,0
DA:141,0
DA:150,0
DA:151,0
DA:156,0
DA:157,0
DA:159,0
DA:173,0
DA:174,0
DA:179,0
DA:181,0
DA:182,0
DA:183,0
DA:184,0
DA:192,0
DA:193,0
DA:195,0
DA:197,0
DA:199,0
DA:200,0
DA:206,0
DA:207,0
DA:209,0
DA:213,0
DA:215,0
DA:217,0
DA:218,0
DA:224,0
DA:225,0
DA:227,0
DA:232,0
DA:234,0
DA:236,0
DA:237,0
DA:243,0
DA:244,0
DA:246,0
DA:248,0
DA:250,0
DA:251,0
DA:260,0
DA:261,0
DA:262,0
DA:264,0
DA:270,0
DA:276,0
DA:277,0
DA:278,0
DA:283,0
DA:285,0
DA:286,0
DA:287,0
DA:288,0
DA:296,0
DA:297,0
DA:299,0
DA:301,0
DA:302,0
DA:308,0
DA:309,0
DA:311,0
DA:312,0
DA:315,0
DA:317,0
DA:318,0
DA:324,0
DA:325,0
DA:327,0
DA:328,0
DA:330,0
DA:332,0
DA:333,0
DA:339,0
DA:340,0
DA:342,0
DA:346,0
DA:347,0
DA:349,0
DA:351,0
DA:352,0
DA:359,0
DA:360,0
DA:361,0
DA:363,0
DA:368,0
DA:370,0
DA:372,0
DA:373,0
DA:374,0
DA:375,0
DA:383,0
DA:384,0
DA:386,0
DA:388,0
DA:390,0
LF:149
LH:0
BRF:0
BRH:0
end_of_record
TN:
SF:src/tests/unit/controllers/userController.test.js
FN:7,(anonymous_0)
FN:10,(anonymous_1)
FN:22,(anonymous_2)
FN:23,(anonymous_3)
FN:56,(anonymous_4)
FN:70,(anonymous_5)
FN:85,(anonymous_6)
FN:86,(anonymous_7)
FN:131,(anonymous_8)
FN:160,(anonymous_9)
FN:175,(anonymous_10)
FN:191,(anonymous_11)
FN:192,(anonymous_12)
FN:216,(anonymous_13)
FN:230,(anonymous_14)
FN:244,(anonymous_15)
FNF:16
FNH:0
FNDA:0,(anonymous_0)
FNDA:0,(anonymous_1)
FNDA:0,(anonymous_2)
FNDA:0,(anonymous_3)
FNDA:0,(anonymous_4)
FNDA:0,(anonymous_5)
FNDA:0,(anonymous_6)
FNDA:0,(anonymous_7)
FNDA:0,(anonymous_8)
FNDA:0,(anonymous_9)
FNDA:0,(anonymous_10)
FNDA:0,(anonymous_11)
FNDA:0,(anonymous_12)
FNDA:0,(anonymous_13)
FNDA:0,(anonymous_14)
FNDA:0,(anonymous_15)
DA:1,0
DA:2,0
DA:5,0
DA:7,0
DA:10,0
DA:11,0
DA:15,0
DA:19,0
DA:22,0
DA:23,0
DA:24,0
DA:26,0
DA:39,0
DA:41,0
DA:43,0
DA:44,0
DA:45,0
DA:56,0
DA:57,0
DA:59,0
DA:61,0
DA:63,0
DA:64,0
DA:70,0
DA:71,0
DA:73,0
DA:75,0
DA:77,0
DA:78,0
DA:85,0
DA:86,0
DA:87,0
DA:88,0
DA:94,0
DA:110,0
DA:112,0
DA:114,0
DA:115,0
DA:116,0
DA:117,0
DA:118,0
DA:119,0
DA:131,0
DA:132,0
DA:133,0
DA:137,0
DA:151,0
DA:153,0
DA:155,0
DA:156,0
DA:157,0
DA:160,0
DA:161,0
DA:162,0
DA:164,0
DA:166,0
DA:168,0
DA:169,0
DA:175,0
DA:176,0
DA:177,0
DA:179,0
DA:181,0
DA:183,0
DA:184,0
DA:191,0
DA:192,0
DA:193,0
DA:195,0
DA:202,0
DA:204,0
DA:206,0
DA:207,0
DA:208,0
DA:209,0
DA:210,0
DA:216,0
DA:217,0
DA:219,0
DA:221,0
DA:223,0
DA:224,0
DA:230,0
DA:231,0
DA:233,0
DA:235,0
DA:237,0
DA:238,0
DA:244,0
DA:245,0
DA:247,0
DA:254,0
DA:256,0
DA:258,0
DA:259,0
LF:95
LH:0
BRF:0
BRH:0
end_of_record
TN:
SF:src/tests/unit/middleware/auth.test.js
FN:12,(anonymous_0)
FN:15,(anonymous_1)
FN:28,(anonymous_2)
FN:29,(anonymous_3)
FN:47,(anonymous_4)
FN:58,(anonymous_5)
FN:71,(anonymous_6)
FN:73,(anonymous_7)
FN:87,(anonymous_8)
FN:98,(anonymous_9)
FN:99,(anonymous_10)
FN:108,(anonymous_11)
FN:121,(anonymous_12)
FN:124,(anonymous_13)
FN:128,(anonymous_14)
FN:129,(anonymous_15)
FN:138,(anonymous_16)
FN:152,(anonymous_17)
FN:153,(anonymous_18)
FN:163,(anonymous_19)
FN:177,(anonymous_20)
FN:186,(anonymous_21)
FNF:22
FNH:0
FNDA:0,(anonymous_0)
FNDA:0,(anonymous_1)
FNDA:0,(anonymous_2)
FNDA:0,(anonymous_3)
FNDA:0,(anonymous_4)
FNDA:0,(anonymous_5)
FNDA:0,(anonymous_6)
FNDA:0,(anonymous_7)
FNDA:0,(anonymous_8)
FNDA:0,(anonymous_9)
FNDA:0,(anonymous_10)
FNDA:0,(anonymous_11)
FNDA:0,(anonymous_12)
FNDA:0,(anonymous_13)
FNDA:0,(anonymous_14)
FNDA:0,(anonymous_15)
FNDA:0,(anonymous_16)
FNDA:0,(anonymous_17)
FNDA:0,(anonymous_18)
FNDA:0,(anonymous_19)
FNDA:0,(anonymous_20)
FNDA:0,(anonymous_21)
DA:1,0
DA:7,0
DA:10,0
DA:12,0
DA:15,0
DA:16,0
DA:20,0
DA:24,0
DA:25,0
DA:28,0
DA:29,0
DA:30,0
DA:36,0
DA:37,0
DA:39,0
DA:41,0
DA:42,0
DA:43,0
DA:44,0
DA:47,0
DA:48,0
DA:50,0
DA:51,0
DA:55,0
DA:58,0
DA:59,0
DA:61,0
DA:63,0
DA:64,0
DA:68,0
DA:71,0
DA:72,0
DA:73,0
DA:74,0
DA:77,0
DA:79,0
DA:80,0
DA:84,0
DA:87,0
DA:88,0
DA:89,0
DA:90,0
DA:92,0
DA:94,0
DA:98,0
DA:99,0
DA:100,0
DA:102,0
DA:104,0
DA:105,0
DA:108,0
DA:109,0
DA:111,0
DA:113,0
DA:114,0
DA:118,0
DA:121,0
DA:122,0
DA:124,0
DA:128,0
DA:129,0
DA:130,0
DA:132,0
DA:134,0
DA:135,0
DA:138,0
DA:139,0
DA:141,0
DA:143,0
DA:144,0
DA:148,0
DA:152,0
DA:153,0
DA:154,0
DA:155,0
DA:157,0
DA:159,0
DA:160,0
DA:163,0
DA:164,0
DA:165,0
DA:167,0
DA:169,0
DA:170,0
DA:174,0
DA:177,0
DA:178,0
DA:179,0
DA:181,0
DA:183,0
DA:186,0
DA:187,0
DA:188,0
DA:190,0
DA:192,0
LF:95
LH:0
BRF:0
BRH:0
end_of_record
TN:
SF:src/tests/unit/middleware/validator.test.js
FN:11,(anonymous_0)
FN:12,(anonymous_1)
FN:27,(anonymous_2)
FN:28,(anonymous_3)
FN:29,(anonymous_4)
FN:35,(anonymous_5)
FN:36,(anonymous_6)
FN:42,(anonymous_7)
FN:43,(anonymous_8)
FN:49,(anonymous_9)
FN:50,(anonymous_10)
FN:56,(anonymous_11)
FN:57,(anonymous_12)
FN:63,(anonymous_13)
FN:66,(anonymous_14)
FN:78,(anonymous_15)
FN:80,(anonymous_16)
FN:81,(anonymous_17)
FN:94,(anonymous_18)
FN:101,(anonymous_19)
FN:102,(anonymous_20)
FNF:21
FNH:0
FNDA:0,(anonymous_0)
FNDA:0,(anonymous_1)
FNDA:0,(anonymous_2)
FNDA:0,(anonymous_3)
FNDA:0,(anonymous_4)
FNDA:0,(anonymous_5)
FNDA:0,(anonymous_6)
FNDA:0,(anonymous_7)
FNDA:0,(anonymous_8)
FNDA:0,(anonymous_9)
FNDA:0,(anonymous_10)
FNDA:0,(anonymous_11)
FNDA:0,(anonymous_12)
FNDA:0,(anonymous_13)
FNDA:0,(anonymous_14)
FNDA:0,(anonymous_15)
FNDA:0,(anonymous_16)
FNDA:0,(anonymous_17)
FNDA:0,(anonymous_18)
FNDA:0,(anonymous_19)
FNDA:0,(anonymous_20)
DA:1,0
DA:8,0
DA:11,0
DA:12,0
DA:27,0
DA:28,0
DA:29,0
DA:30,0
DA:31,0
DA:35,0
DA:36,0
DA:37,0
DA:38,0
DA:42,0
DA:43,0
DA:44,0
DA:45,0
DA:49,0
DA:50,0
DA:51,0
DA:52,0
DA:56,0
DA:57,0
DA:58,0
DA:59,0
DA:63,0
DA:66,0
DA:67,0
DA:70,0
DA:74,0
DA:75,0
DA:78,0
DA:79,0
DA:80,0
DA:81,0
DA:85,0
DA:87,0
DA:88,0
DA:89,0
DA:90,0
DA:94,0
DA:95,0
DA:100,0
DA:101,0
DA:102,0
DA:105,0
DA:107,0
DA:108,0
DA:110,0
DA:111,0
DA:116,0
LF:51
LH:0
BRDA:87,0,0,0
BRDA:87,0,1,0
BRDA:107,1,0,0
BRDA:107,1,1,0
BRF:4
BRH:0
end_of_record
TN:
SF:src/tests/unit/models/User.test.js
FN:8,(anonymous_0)
FN:12,(anonymous_1)
FN:15,(anonymous_2)
FN:19,(anonymous_3)
FN:23,(anonymous_4)
FN:27,(anonymous_5)
FN:31,(anonymous_6)
FN:37,(anonymous_7)
FN:43,(anonymous_8)
FN:47,(anonymous_9)
FN:74,(anonymous_10)
FN:75,(anonymous_11)
FN:76,(anonymous_12)
FN:90,(anonymous_13)
FN:103,(anonymous_14)
FN:104,(anonymous_15)
FN:122,(anonymous_16)
FN:141,(anonymous_17)
FN:142,(anonymous_18)
FN:184,(anonymous_19)
FNF:20
FNH:0
FNDA:0,(anonymous_0)
FNDA:0,(anonymous_1)
FNDA:0,(anonymous_2)
FNDA:0,(anonymous_3)
FNDA:0,(anonymous_4)
FNDA:0,(anonymous_5)
FNDA:0,(anonymous_6)
FNDA:0,(anonymous_7)
FNDA:0,(anonymous_8)
FNDA:0,(anonymous_9)
FNDA:0,(anonymous_10)
FNDA:0,(anonymous_11)
FNDA:0,(anonymous_12)
FNDA:0,(anonymous_13)
FNDA:0,(anonymous_14)
FNDA:0,(anonymous_15)
FNDA:0,(anonymous_16)
FNDA:0,(anonymous_17)
FNDA:0,(anonymous_18)
FNDA:0,(anonymous_19)
DA:1,0
DA:2,0
DA:5,0
DA:8,0
DA:9,0
DA:10,0
DA:16,0
DA:20,0
DA:24,0
DA:28,0
DA:32,0
DA:37,0
DA:38,0
DA:39,0
DA:43,0
DA:44,0
DA:47,0
DA:48,0
DA:63,0
DA:74,0
DA:75,0
DA:76,0
DA:77,0
DA:78,0
DA:80,0
DA:81,0
DA:83,0
DA:85,0
DA:86,0
DA:87,0
DA:90,0
DA:91,0
DA:93,0
DA:94,0
DA:96,0
DA:97,0
DA:99,0
DA:103,0
DA:104,0
DA:105,0
DA:106,0
DA:108,0
DA:114,0
DA:116,0
DA:118,0
DA:119,0
DA:122,0
DA:123,0
DA:124,0
DA:126,0
DA:132,0
DA:134,0
DA:136,0
DA:137,0
DA:141,0
DA:142,0
DA:143,0
DA:161,0
DA:164,0
DA:165,0
DA:166,0
DA:167,0
DA:168,0
DA:169,0
DA:170,0
DA:171,0
DA:172,0
DA:173,0
DA:174,0
DA:177,0
DA:178,0
DA:179,0
DA:180,0
DA:181,0
DA:184,0
DA:185,0
DA:199,0
DA:200,0
DA:202,0
DA:203,0
DA:204,0
DA:205,0
DA:206,0
DA:207,0
DA:208,0
DA:209,0
DA:210,0
LF:87
LH:0
BRF:0
BRH:0
end_of_record
TN:
SF:src/tests/unit/utils/jwt.test.js
FN:16,(anonymous_0)
FN:23,(anonymous_1)
FN:24,(anonymous_2)
FN:36,(anonymous_3)
FN:46,(anonymous_4)
FN:47,(anonymous_5)
FN:59,(anonymous_6)
FN:69,(anonymous_7)
FN:70,(anonymous_8)
FN:79,(anonymous_9)
FN:80,(anonymous_10)
FN:85,(anonymous_11)
FN:92,(anonymous_12)
FN:97,(anonymous_13)
FN:100,(anonymous_14)
FN:106,(anonymous_15)
FN:107,(anonymous_16)
FN:116,(anonymous_17)
FN:117,(anonymous_18)
FN:122,(anonymous_19)
FN:129,(anonymous_20)
FN:135,(anonymous_21)
FN:142,(anonymous_22)
FN:151,(anonymous_23)
FN:166,(anonymous_24)
FN:169,(anonymous_25)
FNF:26
FNH:0
FNDA:0,(anonymous_0)
FNDA:0,(anonymous_1)
FNDA:0,(anonymous_2)
FNDA:0,(anonymous_3)
FNDA:0,(anonymous_4)
FNDA:0,(anonymous_5)
FNDA:0,(anonymous_6)
FNDA:0,(anonymous_7)
FNDA:0,(anonymous_8)
FNDA:0,(anonymous_9)
FNDA:0,(anonymous_10)
FNDA:0,(anonymous_11)
FNDA:0,(anonymous_12)
FNDA:0,(anonymous_13)
FNDA:0,(anonymous_14)
FNDA:0,(anonymous_15)
FNDA:0,(anonymous_16)
FNDA:0,(anonymous_17)
FNDA:0,(anonymous_18)
FNDA:0,(anonymous_19)
FNDA:0,(anonymous_20)
FNDA:0,(anonymous_21)
FNDA:0,(anonymous_22)
FNDA:0,(anonymous_23)
FNDA:0,(anonymous_24)
FNDA:0,(anonymous_25)
DA:1,0
DA:8,0
DA:11,0
DA:12,0
DA:13,0
DA:14,0
DA:16,0
DA:17,0
DA:23,0
DA:24,0
DA:25,0
DA:27,0
DA:28,0
DA:30,0
DA:31,0
DA:32,0
DA:33,0
DA:36,0
DA:37,0
DA:38,0
DA:40,0
DA:41,0
DA:42,0
DA:46,0
DA:47,0
DA:48,0
DA:50,0
DA:51,0
DA:53,0
DA:54,0
DA:55,0
DA:56,0
DA:59,0
DA:60,0
DA:61,0
DA:63,0
DA:64,0
DA:65,0
DA:69,0
DA:70,0
DA:71,0
DA:72,0
DA:74,0
DA:75,0
DA:76,0
DA:79,0
DA:80,0
DA:81,0
DA:85,0
DA:86,0
DA:92,0
DA:93,0
DA:97,0
DA:98,0
DA:100,0
DA:101,0
DA:106,0
DA:107,0
DA:108,0
DA:109,0
DA:111,0
DA:112,0
DA:113,0
DA:116,0
DA:117,0
DA:118,0
DA:122,0
DA:123,0
DA:129,0
DA:130,0
DA:135,0
DA:136,0
DA:142,0
DA:143,0
DA:145,0
DA:146,0
DA:147,0
DA:148,0
DA:151,0
DA:152,0
DA:154,0
DA:155,0
DA:157,0
DA:158,0
DA:159,0
DA:161,0
DA:162,0
DA:163,0
DA:166,0
DA:167,0
DA:169,0
DA:170,0
DA:172,0
DA:173,0
LF:94
LH:0
BRF:0
BRH:0
end_of_record
TN:
SF:src/utils/emailService.js
FN:15,(anonymous_0)
FN:35,(anonymous_1)
FNF:2
FNH:0
FNDA:0,(anonymous_0)
FNDA:0,(anonymous_1)
DA:1,1
DA:2,1
DA:4,1
DA:15,1
DA:16,0
DA:17,0
DA:25,0
DA:26,0
DA:27,0
DA:28,0
DA:29,0
DA:31,0
DA:32,0
DA:35,1
DA:36,0
DA:37,0
DA:45,0
DA:46,0
DA:47,0
DA:48,0
DA:50,0
DA:51,0
DA:56,1
LF:23
LH:6
BRF:0
BRH:0
end_of_record
TN:
SF:src/utils/jwt.js
FN:4,(anonymous_0)
FN:5,(anonymous_1)
FN:6,(anonymous_2)
FN:7,(anonymous_3)
FN:9,(anonymous_4)
FN:13,(anonymous_5)
FN:17,(anonymous_6)
FN:22,(anonymous_7)
FN:30,(anonymous_8)
FNF:9
FNH:9
FNDA:38,(anonymous_0)
FNDA:29,(anonymous_1)
FNDA:24,(anonymous_2)
FNDA:24,(anonymous_3)
FNDA:24,(anonymous_4)
FNDA:24,(anonymous_5)
FNDA:21,(anonymous_6)
FNDA:14,(anonymous_7)
FNDA:5,(anonymous_8)
DA:1,5
DA:2,5
DA:4,38
DA:5,29
DA:6,24
DA:7,24
DA:9,5
DA:10,24
DA:13,5
DA:14,24
DA:17,21
DA:22,5
DA:23,14
DA:24,14
DA:26,4
DA:30,5
DA:31,5
DA:32,5
DA:34,3
DA:38,5
LF:20
LH:20
BRDA:4,0,0,38
BRDA:4,0,1,0
BRDA:4,0,2,0
BRDA:5,1,0,29
BRDA:5,1,1,0
BRDA:5,1,2,0
BRDA:6,2,0,24
BRDA:6,2,1,0
BRDA:7,3,0,24
BRDA:7,3,1,0
BRF:10
BRH:4
end_of_record
